{
"contracts/art_commission.sol":{"l":{"108":23,"109":22,"110":21,"111":20,"114":19,"115":18,"117":17,"118":17,"119":17,"121":17,"122":17,"123":17,"124":17,"126":17,"128":17,"131":17,"132":15,"134":2,"143":23,"144":22,"148":7,"149":7,"153":95,"154":94,"158":9,"159":9,"171":0,"172":0,"173":0,"184":28,"186":28,"187":26,"189":2,"192":27,"193":27,"195":27,"208":53,"210":52,"211":27,"214":51,"215":27,"220":50,"221":25,"224":50,"231":22,"233":22,"234":22,"237":21,"239":20,"240":20,"242":20,"244":20,"252":7,"253":7,"256":6,"259":6,"260":5,"262":4,"264":4,"271":2,"272":1,"275":2,"276":1,"279":2,"282":0,"283":0,"285":0,"286":0,"289":0,"290":0,"292":0,"293":0,"296":0,"298":0,"312":11,"316":11,"318":11,"319":11,"321":11,"324":11,"325":11,"327":11,"339":1,"341":1,"342":1,"345":1,"346":1,"348":1,"350":1,"362":2,"364":2,"365":1,"368":2,"369":2,"371":2,"373":2,"385":6,"387":6,"388":5,"391":5,"393":5,"394":0,"395":0,"399":5,"400":5,"404":5,"406":5},"path":"/Users/oliviaboyer/Desktop/Web3/security-audit/artdao/contracts/art_commission.sol","s":{"1":23,"2":22,"3":21,"4":20,"5":19,"6":18,"7":17,"8":23,"9":7,"10":95,"11":9,"12":0,"13":0,"14":0,"15":28,"16":28,"17":26,"18":2,"19":27,"20":53,"21":52,"22":27,"23":51,"24":27,"25":50,"26":50,"27":22,"28":22,"29":22,"30":21,"31":20,"32":7,"33":7,"34":6,"35":6,"36":5,"37":4,"38":2,"39":2,"40":2,"41":0,"42":0,"43":0,"44":0,"45":0,"46":0,"47":0,"48":0,"49":0,"50":0,"51":11,"52":11,"53":11,"54":11,"55":11,"56":1,"57":1,"58":1,"59":1,"60":1,"61":1,"62":2,"63":2,"64":1,"65":2,"66":2,"67":2,"68":6,"69":6,"70":5,"71":5,"72":5,"73":0,"74":0,"75":5,"76":5,"77":5},"b":{"1":[22,1],"2":[19,3],"3":[21,1],"4":[20,1],"5":[19,1],"6":[18,1],"7":[17,1],"8":[15,2],"9":[22,1],"10":[7,0],"11":[94,1],"12":[42,52],"13":[9,0],"14":[0,0],"15":[0,0],"16":[28,1],"17":[28,0],"18":[26,2],"19":[25,1],"20":[2,0],"21":[53,0],"22":[52,1],"23":[27,25],"24":[26,1],"25":[27,24],"26":[26,1],"27":[25,25],"28":[22,1],"29":[22,0],"30":[21,1],"31":[7,0],"32":[7,0],"33":[6,1],"34":[2,0],"35":[1,1],"36":[1,1],"37":[0,2],"38":[0,0],"39":[0,0],"40":[11,0],"41":[11,0],"42":[1,10],"43":[11,0],"44":[11,0],"45":[1,0],"46":[1,0],"47":[1,0],"48":[2,0],"49":[2,0],"50":[1,1],"51":[6,0],"52":[6,0],"53":[5,0],"54":[0,5],"55":[5,0]},"f":{"1":23,"2":23,"3":7,"4":95,"5":9,"6":0,"7":28,"8":53,"9":22,"10":7,"11":2,"12":11,"13":1,"14":2,"15":6},"fnMap":{"1":{"name":"constructor","line":105,"loc":{"start":{"line":105,"column":4},"end":{"line":136,"column":4}}},"2":{"name":"onlyArtist","line":142,"loc":{"start":{"line":142,"column":4},"end":{"line":145,"column":4}}},"3":{"name":"onlyBuyer","line":147,"loc":{"start":{"line":147,"column":4},"end":{"line":150,"column":4}}},"4":{"name":"onlyParties","line":152,"loc":{"start":{"line":152,"column":4},"end":{"line":155,"column":4}}},"5":{"name":"onlyDAO","line":157,"loc":{"start":{"line":157,"column":4},"end":{"line":160,"column":4}}},"6":{"name":"onERC721Received","line":170,"loc":{"start":{"line":170,"column":4},"end":{"line":174,"column":4}}},"7":{"name":"contractConfirm","line":183,"loc":{"start":{"line":183,"column":4},"end":{"line":196,"column":4}}},"8":{"name":"fund","line":207,"loc":{"start":{"line":207,"column":4},"end":{"line":225,"column":4}}},"9":{"name":"acceptArt","line":230,"loc":{"start":{"line":230,"column":4},"end":{"line":245,"column":4}}},"10":{"name":"payInFullAndRelease","line":251,"loc":{"start":{"line":251,"column":4},"end":{"line":265,"column":4}}},"11":{"name":"goodFaithRelease","line":270,"loc":{"start":{"line":270,"column":4},"end":{"line":299,"column":4}}},"12":{"name":"raiseDispute","line":311,"loc":{"start":{"line":311,"column":4},"end":{"line":328,"column":4}}},"13":{"name":"artistWins","line":338,"loc":{"start":{"line":338,"column":4},"end":{"line":351,"column":4}}},"14":{"name":"buyerWins","line":361,"loc":{"start":{"line":361,"column":4},"end":{"line":374,"column":4}}},"15":{"name":"neitherWins","line":384,"loc":{"start":{"line":384,"column":4},"end":{"line":407,"column":4}}}},"statementMap":{"1":{"start":{"line":108,"column":8},"end":{"line":108,"column":101}},"2":{"start":{"line":109,"column":8},"end":{"line":109,"column":53}},"3":{"start":{"line":110,"column":8},"end":{"line":110,"column":55}},"4":{"start":{"line":111,"column":8},"end":{"line":111,"column":49}},"5":{"start":{"line":114,"column":8},"end":{"line":114,"column":73}},"6":{"start":{"line":115,"column":8},"end":{"line":115,"column":71}},"7":{"start":{"line":131,"column":8},"end":{"line":131,"column":4275}},"8":{"start":{"line":143,"column":8},"end":{"line":143,"column":50}},"9":{"start":{"line":148,"column":8},"end":{"line":148,"column":48}},"10":{"start":{"line":153,"column":8},"end":{"line":153,"column":81}},"11":{"start":{"line":158,"column":8},"end":{"line":158,"column":53}},"12":{"start":{"line":171,"column":8},"end":{"line":171,"column":59}},"13":{"start":{"line":172,"column":8},"end":{"line":172,"column":93}},"14":{"start":{"line":173,"column":8},"end":{"line":173,"column":45}},"15":{"start":{"line":184,"column":8},"end":{"line":184,"column":106}},"16":{"start":{"line":186,"column":8},"end":{"line":186,"column":6130}},"17":{"start":{"line":187,"column":12},"end":{"line":187,"column":83}},"18":{"start":{"line":189,"column":12},"end":{"line":189,"column":81}},"19":{"start":{"line":193,"column":8},"end":{"line":193,"column":42}},"20":{"start":{"line":208,"column":8},"end":{"line":208,"column":94}},"21":{"start":{"line":210,"column":8},"end":{"line":210,"column":6873}},"22":{"start":{"line":211,"column":12},"end":{"line":211,"column":76}},"23":{"start":{"line":214,"column":8},"end":{"line":214,"column":6999}},"24":{"start":{"line":215,"column":12},"end":{"line":215,"column":94}},"25":{"start":{"line":220,"column":8},"end":{"line":220,"column":7252}},"26":{"start":{"line":224,"column":8},"end":{"line":224,"column":42}},"27":{"start":{"line":231,"column":8},"end":{"line":231,"column":88}},"28":{"start":{"line":233,"column":8},"end":{"line":233,"column":39}},"29":{"start":{"line":234,"column":8},"end":{"line":234,"column":89}},"30":{"start":{"line":237,"column":8},"end":{"line":237,"column":68}},"31":{"start":{"line":244,"column":8},"end":{"line":244,"column":43}},"32":{"start":{"line":252,"column":8},"end":{"line":252,"column":72}},"33":{"start":{"line":253,"column":8},"end":{"line":253,"column":80}},"34":{"start":{"line":256,"column":8},"end":{"line":256,"column":65}},"35":{"start":{"line":259,"column":8},"end":{"line":259,"column":81}},"36":{"start":{"line":260,"column":8},"end":{"line":260,"column":49}},"37":{"start":{"line":264,"column":8},"end":{"line":264,"column":49}},"38":{"start":{"line":271,"column":8},"end":{"line":271,"column":8993}},"39":{"start":{"line":275,"column":8},"end":{"line":275,"column":9075}},"40":{"start":{"line":279,"column":8},"end":{"line":279,"column":109}},"41":{"start":{"line":282,"column":8},"end":{"line":282,"column":9302}},"42":{"start":{"line":283,"column":12},"end":{"line":283,"column":50}},"43":{"start":{"line":285,"column":12},"end":{"line":285,"column":54}},"44":{"start":{"line":286,"column":12},"end":{"line":286,"column":53}},"45":{"start":{"line":288,"column":15},"end":{"line":288,"column":9569}},"46":{"start":{"line":289,"column":12},"end":{"line":289,"column":65}},"47":{"start":{"line":290,"column":12},"end":{"line":290,"column":51}},"48":{"start":{"line":292,"column":12},"end":{"line":292,"column":54}},"49":{"start":{"line":293,"column":12},"end":{"line":293,"column":53}},"50":{"start":{"line":298,"column":8},"end":{"line":298,"column":33}},"51":{"start":{"line":312,"column":8},"end":{"line":312,"column":10482}},"52":{"start":{"line":316,"column":8},"end":{"line":316,"column":57}},"53":{"start":{"line":318,"column":8},"end":{"line":318,"column":69}},"54":{"start":{"line":319,"column":8},"end":{"line":319,"column":108}},"55":{"start":{"line":327,"column":8},"end":{"line":327,"column":37}},"56":{"start":{"line":339,"column":8},"end":{"line":339,"column":101}},"57":{"start":{"line":341,"column":8},"end":{"line":341,"column":11622}},"58":{"start":{"line":342,"column":12},"end":{"line":342,"column":65}},"59":{"start":{"line":345,"column":8},"end":{"line":345,"column":52}},"60":{"start":{"line":346,"column":8},"end":{"line":346,"column":49}},"61":{"start":{"line":350,"column":8},"end":{"line":350,"column":36}},"62":{"start":{"line":362,"column":8},"end":{"line":362,"column":101}},"63":{"start":{"line":364,"column":8},"end":{"line":364,"column":12339}},"64":{"start":{"line":365,"column":12},"end":{"line":365,"column":64}},"65":{"start":{"line":368,"column":8},"end":{"line":368,"column":51}},"66":{"start":{"line":369,"column":8},"end":{"line":369,"column":49}},"67":{"start":{"line":373,"column":8},"end":{"line":373,"column":35}},"68":{"start":{"line":385,"column":8},"end":{"line":385,"column":101}},"69":{"start":{"line":387,"column":8},"end":{"line":387,"column":13043}},"70":{"start":{"line":388,"column":12},"end":{"line":388,"column":65}},"71":{"start":{"line":391,"column":8},"end":{"line":391,"column":43}},"72":{"start":{"line":393,"column":8},"end":{"line":393,"column":13285}},"73":{"start":{"line":394,"column":12},"end":{"line":394,"column":45}},"74":{"start":{"line":395,"column":12},"end":{"line":395,"column":49}},"75":{"start":{"line":399,"column":12},"end":{"line":399,"column":13629}},"76":{"start":{"line":400,"column":16},"end":{"line":400,"column":53}},"77":{"start":{"line":406,"column":8},"end":{"line":406,"column":37}}},"branchMap":{"1":{"line":108,"type":"if","locations":[{"start":{"line":108,"column":8},"end":{"line":108,"column":8}},{"start":{"line":108,"column":8},"end":{"line":108,"column":8}}]},"2":{"line":108,"type":"cond-expr","locations":[{"start":{"line":108,"column":16},"end":{"line":108,"column":35}},{"start":{"line":108,"column":40},"end":{"line":108,"column":60}}]},"3":{"line":109,"type":"if","locations":[{"start":{"line":109,"column":8},"end":{"line":109,"column":8}},{"start":{"line":109,"column":8},"end":{"line":109,"column":8}}]},"4":{"line":110,"type":"if","locations":[{"start":{"line":110,"column":8},"end":{"line":110,"column":8}},{"start":{"line":110,"column":8},"end":{"line":110,"column":8}}]},"5":{"line":111,"type":"if","locations":[{"start":{"line":111,"column":8},"end":{"line":111,"column":8}},{"start":{"line":111,"column":8},"end":{"line":111,"column":8}}]},"6":{"line":114,"type":"if","locations":[{"start":{"line":114,"column":8},"end":{"line":114,"column":8}},{"start":{"line":114,"column":8},"end":{"line":114,"column":8}}]},"7":{"line":115,"type":"if","locations":[{"start":{"line":115,"column":8},"end":{"line":115,"column":8}},{"start":{"line":115,"column":8},"end":{"line":115,"column":8}}]},"8":{"line":131,"type":"if","locations":[{"start":{"line":131,"column":8},"end":{"line":131,"column":8}},{"start":{"line":131,"column":8},"end":{"line":131,"column":8}}]},"9":{"line":143,"type":"if","locations":[{"start":{"line":143,"column":8},"end":{"line":143,"column":8}},{"start":{"line":143,"column":8},"end":{"line":143,"column":8}}]},"10":{"line":148,"type":"if","locations":[{"start":{"line":148,"column":8},"end":{"line":148,"column":8}},{"start":{"line":148,"column":8},"end":{"line":148,"column":8}}]},"11":{"line":153,"type":"if","locations":[{"start":{"line":153,"column":8},"end":{"line":153,"column":8}},{"start":{"line":153,"column":8},"end":{"line":153,"column":8}}]},"12":{"line":153,"type":"cond-expr","locations":[{"start":{"line":153,"column":16},"end":{"line":153,"column":34}},{"start":{"line":153,"column":39},"end":{"line":153,"column":58}}]},"13":{"line":158,"type":"if","locations":[{"start":{"line":158,"column":8},"end":{"line":158,"column":8}},{"start":{"line":158,"column":8},"end":{"line":158,"column":8}}]},"14":{"line":171,"type":"if","locations":[{"start":{"line":171,"column":8},"end":{"line":171,"column":8}},{"start":{"line":171,"column":8},"end":{"line":171,"column":8}}]},"15":{"line":172,"type":"if","locations":[{"start":{"line":172,"column":8},"end":{"line":172,"column":8}},{"start":{"line":172,"column":8},"end":{"line":172,"column":8}}]},"16":{"line":183,"type":"if","locations":[{"start":{"line":183,"column":40},"end":{"line":183,"column":40}},{"start":{"line":183,"column":40},"end":{"line":183,"column":40}}]},"17":{"line":184,"type":"if","locations":[{"start":{"line":184,"column":8},"end":{"line":184,"column":8}},{"start":{"line":184,"column":8},"end":{"line":184,"column":8}}]},"18":{"line":186,"type":"if","locations":[{"start":{"line":186,"column":8},"end":{"line":186,"column":8}},{"start":{"line":186,"column":8},"end":{"line":186,"column":8}}]},"19":{"line":187,"type":"if","locations":[{"start":{"line":187,"column":12},"end":{"line":187,"column":12}},{"start":{"line":187,"column":12},"end":{"line":187,"column":12}}]},"20":{"line":189,"type":"if","locations":[{"start":{"line":189,"column":12},"end":{"line":189,"column":12}},{"start":{"line":189,"column":12},"end":{"line":189,"column":12}}]},"21":{"line":207,"type":"if","locations":[{"start":{"line":207,"column":27},"end":{"line":207,"column":27}},{"start":{"line":207,"column":27},"end":{"line":207,"column":27}}]},"22":{"line":208,"type":"if","locations":[{"start":{"line":208,"column":8},"end":{"line":208,"column":8}},{"start":{"line":208,"column":8},"end":{"line":208,"column":8}}]},"23":{"line":210,"type":"if","locations":[{"start":{"line":210,"column":8},"end":{"line":210,"column":8}},{"start":{"line":210,"column":8},"end":{"line":210,"column":8}}]},"24":{"line":211,"type":"if","locations":[{"start":{"line":211,"column":12},"end":{"line":211,"column":12}},{"start":{"line":211,"column":12},"end":{"line":211,"column":12}}]},"25":{"line":214,"type":"if","locations":[{"start":{"line":214,"column":8},"end":{"line":214,"column":8}},{"start":{"line":214,"column":8},"end":{"line":214,"column":8}}]},"26":{"line":215,"type":"if","locations":[{"start":{"line":215,"column":12},"end":{"line":215,"column":12}},{"start":{"line":215,"column":12},"end":{"line":215,"column":12}}]},"27":{"line":220,"type":"if","locations":[{"start":{"line":220,"column":8},"end":{"line":220,"column":8}},{"start":{"line":220,"column":8},"end":{"line":220,"column":8}}]},"28":{"line":230,"type":"if","locations":[{"start":{"line":230,"column":62},"end":{"line":230,"column":62}},{"start":{"line":230,"column":62},"end":{"line":230,"column":62}}]},"29":{"line":231,"type":"if","locations":[{"start":{"line":231,"column":8},"end":{"line":231,"column":8}},{"start":{"line":231,"column":8},"end":{"line":231,"column":8}}]},"30":{"line":234,"type":"if","locations":[{"start":{"line":234,"column":8},"end":{"line":234,"column":8}},{"start":{"line":234,"column":8},"end":{"line":234,"column":8}}]},"31":{"line":251,"type":"if","locations":[{"start":{"line":251,"column":44},"end":{"line":251,"column":44}},{"start":{"line":251,"column":44},"end":{"line":251,"column":44}}]},"32":{"line":252,"type":"if","locations":[{"start":{"line":252,"column":8},"end":{"line":252,"column":8}},{"start":{"line":252,"column":8},"end":{"line":252,"column":8}}]},"33":{"line":253,"type":"if","locations":[{"start":{"line":253,"column":8},"end":{"line":253,"column":8}},{"start":{"line":253,"column":8},"end":{"line":253,"column":8}}]},"34":{"line":270,"type":"if","locations":[{"start":{"line":270,"column":39},"end":{"line":270,"column":39}},{"start":{"line":270,"column":39},"end":{"line":270,"column":39}}]},"35":{"line":271,"type":"if","locations":[{"start":{"line":271,"column":8},"end":{"line":271,"column":8}},{"start":{"line":271,"column":8},"end":{"line":271,"column":8}}]},"36":{"line":275,"type":"if","locations":[{"start":{"line":275,"column":8},"end":{"line":275,"column":8}},{"start":{"line":275,"column":8},"end":{"line":275,"column":8}}]},"37":{"line":279,"type":"if","locations":[{"start":{"line":279,"column":8},"end":{"line":279,"column":8}},{"start":{"line":279,"column":8},"end":{"line":279,"column":8}}]},"38":{"line":282,"type":"if","locations":[{"start":{"line":282,"column":8},"end":{"line":282,"column":8}},{"start":{"line":282,"column":8},"end":{"line":282,"column":8}}]},"39":{"line":288,"type":"if","locations":[{"start":{"line":288,"column":15},"end":{"line":288,"column":15}},{"start":{"line":288,"column":15},"end":{"line":288,"column":15}}]},"40":{"line":311,"type":"if","locations":[{"start":{"line":311,"column":78},"end":{"line":311,"column":78}},{"start":{"line":311,"column":78},"end":{"line":311,"column":78}}]},"41":{"line":312,"type":"if","locations":[{"start":{"line":312,"column":8},"end":{"line":312,"column":8}},{"start":{"line":312,"column":8},"end":{"line":312,"column":8}}]},"42":{"line":313,"type":"cond-expr","locations":[{"start":{"line":313,"column":12},"end":{"line":313,"column":35}},{"start":{"line":313,"column":40},"end":{"line":313,"column":70}}]},"43":{"line":316,"type":"if","locations":[{"start":{"line":316,"column":8},"end":{"line":316,"column":8}},{"start":{"line":316,"column":8},"end":{"line":316,"column":8}}]},"44":{"line":319,"type":"if","locations":[{"start":{"line":319,"column":8},"end":{"line":319,"column":8}},{"start":{"line":319,"column":8},"end":{"line":319,"column":8}}]},"45":{"line":338,"type":"if","locations":[{"start":{"line":338,"column":33},"end":{"line":338,"column":33}},{"start":{"line":338,"column":33},"end":{"line":338,"column":33}}]},"46":{"line":339,"type":"if","locations":[{"start":{"line":339,"column":8},"end":{"line":339,"column":8}},{"start":{"line":339,"column":8},"end":{"line":339,"column":8}}]},"47":{"line":341,"type":"if","locations":[{"start":{"line":341,"column":8},"end":{"line":341,"column":8}},{"start":{"line":341,"column":8},"end":{"line":341,"column":8}}]},"48":{"line":361,"type":"if","locations":[{"start":{"line":361,"column":32},"end":{"line":361,"column":32}},{"start":{"line":361,"column":32},"end":{"line":361,"column":32}}]},"49":{"line":362,"type":"if","locations":[{"start":{"line":362,"column":8},"end":{"line":362,"column":8}},{"start":{"line":362,"column":8},"end":{"line":362,"column":8}}]},"50":{"line":364,"type":"if","locations":[{"start":{"line":364,"column":8},"end":{"line":364,"column":8}},{"start":{"line":364,"column":8},"end":{"line":364,"column":8}}]},"51":{"line":384,"type":"if","locations":[{"start":{"line":384,"column":34},"end":{"line":384,"column":34}},{"start":{"line":384,"column":34},"end":{"line":384,"column":34}}]},"52":{"line":385,"type":"if","locations":[{"start":{"line":385,"column":8},"end":{"line":385,"column":8}},{"start":{"line":385,"column":8},"end":{"line":385,"column":8}}]},"53":{"line":387,"type":"if","locations":[{"start":{"line":387,"column":8},"end":{"line":387,"column":8}},{"start":{"line":387,"column":8},"end":{"line":387,"column":8}}]},"54":{"line":393,"type":"if","locations":[{"start":{"line":393,"column":8},"end":{"line":393,"column":8}},{"start":{"line":393,"column":8},"end":{"line":393,"column":8}}]},"55":{"line":399,"type":"if","locations":[{"start":{"line":399,"column":12},"end":{"line":399,"column":12}},{"start":{"line":399,"column":12},"end":{"line":399,"column":12}}]}}},
"contracts/art_dao.sol":{"l":{"166":22,"167":22,"168":22,"169":22,"171":22,"182":62,"184":61,"185":61,"187":61,"189":61,"191":61,"192":61,"199":61,"201":61,"202":61,"203":61,"204":61,"205":61,"206":61,"207":61,"209":61,"216":78,"218":78,"219":78,"220":78,"221":78,"224":78,"225":19,"228":77,"229":77,"231":77,"238":60,"240":60,"241":60,"243":60,"245":60,"246":59,"247":59,"249":1,"257":1,"258":1,"260":1,"267":2,"274":1,"281":2,"298":11,"299":11,"300":11,"301":11,"303":11,"304":11,"306":11,"307":11,"308":11,"309":11,"310":11,"311":11,"312":11,"314":11,"316":11,"337":11,"339":11,"340":11,"341":11,"342":11,"344":11,"345":11,"347":11,"354":11,"355":10,"357":10,"359":10,"361":28,"373":28,"374":28,"376":28,"377":59,"379":43,"380":43,"381":28,"382":28,"386":28,"388":28,"389":28,"391":28,"392":28,"394":28,"397":10,"398":10,"399":10,"406":26,"408":26,"409":26,"410":26,"411":26,"412":26,"413":26,"414":25,"416":25,"417":25,"419":25,"420":25,"422":25,"423":7,"425":8,"427":10,"430":25,"441":10,"443":10,"444":10,"445":10,"446":10,"451":9,"453":9,"454":9,"456":9,"457":1,"459":2,"461":6,"464":8,"465":23,"466":23,"467":20,"471":7,"482":11,"497":1,"498":1,"509":3,"510":3,"518":1,"529":143,"530":81,"531":81,"541":121,"542":60,"543":60,"544":60,"546":61,"549":121,"550":121,"551":121,"573":11,"574":11,"576":11,"577":45,"578":45,"580":45,"586":34,"587":34,"588":34,"589":34,"598":26,"600":26,"601":51,"602":25,"605":1,"612":3,"614":3,"615":6,"616":1,"619":2,"629":9,"631":9,"632":9,"633":9,"634":9,"636":9,"637":1,"640":8,"642":8,"643":1,"646":7,"647":2,"650":5,"651":4,"654":1,"658":2,"659":2,"660":2,"662":2,"663":2,"665":2,"666":2,"667":2,"668":2,"669":2,"670":2,"671":2,"672":2,"674":2,"675":2,"679":8,"680":8,"681":8,"682":8,"684":8,"685":8,"686":8,"688":8,"690":8,"691":4,"693":4,"696":8,"700":2,"701":2,"702":2,"703":2,"705":2,"706":2,"708":2,"709":2,"711":1,"712":1,"714":1,"728":1,"729":1,"731":1,"732":1,"733":1,"734":1,"735":1,"736":1,"737":1,"738":1,"739":1},"path":"/Users/oliviaboyer/Desktop/Web3/security-audit/artdao/contracts/art_dao.sol","s":{"1":22,"2":62,"3":61,"4":61,"5":61,"6":61,"7":61,"8":61,"9":61,"10":78,"11":78,"12":78,"13":78,"14":78,"15":78,"16":19,"17":77,"18":60,"19":60,"20":60,"21":60,"22":59,"23":59,"24":1,"25":1,"26":1,"27":1,"28":2,"29":1,"30":2,"31":11,"32":11,"33":11,"34":11,"35":11,"36":11,"37":11,"38":11,"39":11,"40":11,"41":11,"42":11,"43":11,"44":11,"45":11,"46":10,"47":10,"48":10,"49":28,"50":28,"51":28,"52":28,"53":59,"54":43,"55":28,"56":28,"57":28,"58":26,"59":26,"60":26,"61":26,"62":26,"63":26,"64":26,"65":25,"66":25,"67":25,"68":25,"69":18,"70":10,"71":25,"72":10,"73":10,"74":10,"75":10,"76":10,"77":9,"78":9,"79":1,"80":8,"81":2,"82":6,"83":8,"84":23,"85":23,"86":20,"87":7,"88":11,"89":1,"90":1,"91":3,"92":3,"93":1,"94":143,"95":81,"96":121,"97":60,"98":60,"99":121,"100":11,"101":45,"102":45,"103":45,"104":26,"105":26,"106":51,"107":25,"108":1,"109":3,"110":3,"111":6,"112":1,"113":2,"114":9,"115":9,"116":9,"117":9,"118":9,"119":9,"120":1,"121":8,"122":8,"123":1,"124":7,"125":2,"126":5,"127":4,"128":1,"129":2,"130":2,"131":2,"132":2,"133":2,"134":2,"135":2,"136":8,"137":8,"138":8,"139":8,"140":8,"141":8,"142":8,"143":8,"144":8,"145":2,"146":2,"147":2,"148":2,"149":2,"150":2,"151":2,"152":2,"153":1,"154":1,"155":1,"156":1},"b":{"1":[61,1],"2":[61,0],"3":[78,0],"4":[78,0],"5":[78,0],"6":[78,0],"7":[19,59],"8":[60,0],"9":[60,0],"10":[59,1],"11":[1,0],"12":[1,0],"13":[11,0],"14":[11,0],"15":[11,0],"16":[11,0],"17":[11,0],"18":[11,0],"19":[11,0],"20":[11,0],"21":[10,1],"22":[10,0],"23":[16,43],"24":[28,15],"25":[28,0],"26":[26,0],"27":[26,0],"28":[26,0],"29":[26,0],"30":[26,0],"31":[25,1],"32":[25,0],"33":[25,0],"34":[7,18],"35":[8,10],"36":[10,0],"37":[10,0],"38":[10,0],"39":[10,0],"40":[9,1],"41":[7,2],"42":[1,8],"43":[2,6],"44":[20,3],"45":[81,62],"46":[60,61],"47":[60,0],"48":[60,0],"49":[34,11],"50":[25,26],"51":[1,5],"52":[1,8],"53":[1,7],"54":[2,5],"55":[4,1],"56":[2,0],"57":[2,0],"58":[2,0],"59":[8,0],"60":[8,0],"61":[8,0],"62":[8,0],"63":[8,0],"64":[4,4],"65":[2,0],"66":[2,0],"67":[2,0],"68":[2,0],"69":[1,1],"70":[1,0]},"f":{"1":22,"2":62,"3":61,"4":78,"5":60,"6":1,"7":2,"8":1,"9":2,"10":11,"11":11,"12":26,"13":10,"14":11,"15":1,"16":3,"17":1,"18":143,"19":121,"20":11,"21":26,"22":3,"23":9,"24":2,"25":8,"26":2,"27":1},"fnMap":{"1":{"name":"constructor","line":165,"loc":{"start":{"line":165,"column":4},"end":{"line":172,"column":4}}},"2":{"name":"mint","line":181,"loc":{"start":{"line":181,"column":4},"end":{"line":193,"column":4}}},"3":{"name":"_startAuction","line":198,"loc":{"start":{"line":198,"column":4},"end":{"line":210,"column":4}}},"4":{"name":"bid","line":215,"loc":{"start":{"line":215,"column":4},"end":{"line":232,"column":4}}},"5":{"name":"settleAuction","line":237,"loc":{"start":{"line":237,"column":4},"end":{"line":251,"column":4}}},"6":{"name":"transfer","line":256,"loc":{"start":{"line":256,"column":4},"end":{"line":261,"column":4}}},"7":{"name":"balanceOf","line":266,"loc":{"start":{"line":266,"column":4},"end":{"line":268,"column":4}}},"8":{"name":"ownerOf","line":273,"loc":{"start":{"line":273,"column":4},"end":{"line":275,"column":4}}},"9":{"name":"treasuryBalance","line":280,"loc":{"start":{"line":280,"column":4},"end":{"line":282,"column":4}}},"10":{"name":"createDisputeCase","line":293,"loc":{"start":{"line":293,"column":4},"end":{"line":317,"column":4}}},"11":{"name":"selectJurors","line":336,"loc":{"start":{"line":336,"column":4},"end":{"line":400,"column":4}}},"12":{"name":"vote","line":405,"loc":{"start":{"line":405,"column":4},"end":{"line":431,"column":4}}},"13":{"name":"resolveDispute","line":440,"loc":{"start":{"line":440,"column":4},"end":{"line":472,"column":4}}},"14":{"name":"getJurors","line":481,"loc":{"start":{"line":481,"column":4},"end":{"line":483,"column":4}}},"15":{"name":"getVoteCounts","line":488,"loc":{"start":{"line":488,"column":4},"end":{"line":499,"column":4}}},"16":{"name":"getJurorVote","line":504,"loc":{"start":{"line":504,"column":4},"end":{"line":511,"column":4}}},"17":{"name":"getAllHolders","line":517,"loc":{"start":{"line":517,"column":4},"end":{"line":519,"column":4}}},"18":{"name":"_addHolderIfNeeded","line":528,"loc":{"start":{"line":528,"column":4},"end":{"line":533,"column":4}}},"19":{"name":"_moveToken","line":540,"loc":{"start":{"line":540,"column":4},"end":{"line":552,"column":4}}},"20":{"name":"_getEligibleCandidates","line":563,"loc":{"start":{"line":563,"column":4},"end":{"line":592,"column":4}}},"21":{"name":"_isJuror","line":597,"loc":{"start":{"line":597,"column":4},"end":{"line":606,"column":4}}},"22":{"name":"_allJurorsVoted","line":611,"loc":{"start":{"line":611,"column":4},"end":{"line":620,"column":4}}},"23":{"name":"_calculateOutcome","line":628,"loc":{"start":{"line":628,"column":4},"end":{"line":655,"column":4}}},"24":{"name":"createProposal","line":657,"loc":{"start":{"line":657,"column":4},"end":{"line":676,"column":4}}},"25":{"name":"voteProposal","line":678,"loc":{"start":{"line":678,"column":4},"end":{"line":697,"column":4}}},"26":{"name":"executeProposal","line":699,"loc":{"start":{"line":699,"column":4},"end":{"line":715,"column":4}}},"27":{"name":"getProposal","line":717,"loc":{"start":{"line":717,"column":4},"end":{"line":740,"column":4}}}},"statementMap":{"1":{"start":{"line":171,"column":8},"end":{"line":171,"column":40}},"2":{"start":{"line":182,"column":8},"end":{"line":182,"column":92}},"3":{"start":{"line":184,"column":8},"end":{"line":184,"column":37}},"4":{"start":{"line":187,"column":8},"end":{"line":187,"column":53}},"5":{"start":{"line":191,"column":8},"end":{"line":191,"column":43}},"6":{"start":{"line":192,"column":8},"end":{"line":192,"column":29}},"7":{"start":{"line":199,"column":8},"end":{"line":199,"column":83}},"8":{"start":{"line":201,"column":8},"end":{"line":201,"column":51}},"9":{"start":{"line":209,"column":8},"end":{"line":209,"column":72}},"10":{"start":{"line":216,"column":8},"end":{"line":216,"column":51}},"11":{"start":{"line":218,"column":8},"end":{"line":218,"column":75}},"12":{"start":{"line":219,"column":8},"end":{"line":219,"column":67}},"13":{"start":{"line":220,"column":8},"end":{"line":220,"column":59}},"14":{"start":{"line":221,"column":8},"end":{"line":221,"column":61}},"15":{"start":{"line":224,"column":8},"end":{"line":224,"column":7029}},"16":{"start":{"line":225,"column":12},"end":{"line":225,"column":70}},"17":{"start":{"line":231,"column":8},"end":{"line":231,"column":54}},"18":{"start":{"line":238,"column":8},"end":{"line":238,"column":51}},"19":{"start":{"line":240,"column":8},"end":{"line":240,"column":74}},"20":{"start":{"line":241,"column":8},"end":{"line":241,"column":59}},"21":{"start":{"line":245,"column":8},"end":{"line":245,"column":7655}},"22":{"start":{"line":246,"column":12},"end":{"line":246,"column":68}},"23":{"start":{"line":247,"column":12},"end":{"line":247,"column":83}},"24":{"start":{"line":249,"column":12},"end":{"line":249,"column":55}},"25":{"start":{"line":257,"column":8},"end":{"line":257,"column":62}},"26":{"start":{"line":258,"column":8},"end":{"line":258,"column":53}},"27":{"start":{"line":260,"column":8},"end":{"line":260,"column":42}},"28":{"start":{"line":267,"column":8},"end":{"line":267,"column":35}},"29":{"start":{"line":274,"column":8},"end":{"line":274,"column":34}},"30":{"start":{"line":281,"column":8},"end":{"line":281,"column":36}},"31":{"start":{"line":298,"column":8},"end":{"line":298,"column":62}},"32":{"start":{"line":299,"column":8},"end":{"line":299,"column":55}},"33":{"start":{"line":300,"column":8},"end":{"line":300,"column":65}},"34":{"start":{"line":301,"column":8},"end":{"line":301,"column":96}},"35":{"start":{"line":306,"column":8},"end":{"line":306,"column":51}},"36":{"start":{"line":316,"column":8},"end":{"line":316,"column":61}},"37":{"start":{"line":337,"column":8},"end":{"line":337,"column":51}},"38":{"start":{"line":339,"column":8},"end":{"line":339,"column":68}},"39":{"start":{"line":340,"column":8},"end":{"line":340,"column":58}},"40":{"start":{"line":341,"column":8},"end":{"line":341,"column":55}},"41":{"start":{"line":342,"column":8},"end":{"line":342,"column":65}},"42":{"start":{"line":344,"column":8},"end":{"line":344,"column":66}},"43":{"start":{"line":345,"column":8},"end":{"line":345,"column":64}},"44":{"start":{"line":347,"column":8},"end":{"line":347,"column":11160}},"45":{"start":{"line":354,"column":8},"end":{"line":354,"column":76}},"46":{"start":{"line":355,"column":8},"end":{"line":355,"column":54}},"47":{"start":{"line":357,"column":8},"end":{"line":357,"column":57}},"48":{"start":{"line":359,"column":8},"end":{"line":359,"column":11525}},"49":{"start":{"line":361,"column":12},"end":{"line":361,"column":11667}},"50":{"start":{"line":373,"column":12},"end":{"line":373,"column":37}},"51":{"start":{"line":374,"column":12},"end":{"line":374,"column":53}},"52":{"start":{"line":376,"column":12},"end":{"line":376,"column":12099}},"53":{"start":{"line":377,"column":16},"end":{"line":377,"column":39}},"54":{"start":{"line":380,"column":16},"end":{"line":380,"column":12253}},"55":{"start":{"line":386,"column":12},"end":{"line":386,"column":80}},"56":{"start":{"line":391,"column":12},"end":{"line":391,"column":51}},"57":{"start":{"line":394,"column":12},"end":{"line":394,"column":68}},"58":{"start":{"line":406,"column":8},"end":{"line":406,"column":51}},"59":{"start":{"line":408,"column":8},"end":{"line":408,"column":68}},"60":{"start":{"line":409,"column":8},"end":{"line":409,"column":53}},"61":{"start":{"line":410,"column":8},"end":{"line":410,"column":55}},"62":{"start":{"line":411,"column":8},"end":{"line":411,"column":62}},"63":{"start":{"line":412,"column":8},"end":{"line":412,"column":57}},"64":{"start":{"line":413,"column":8},"end":{"line":413,"column":69}},"65":{"start":{"line":414,"column":8},"end":{"line":414,"column":67}},"66":{"start":{"line":416,"column":8},"end":{"line":416,"column":55}},"67":{"start":{"line":417,"column":8},"end":{"line":417,"column":50}},"68":{"start":{"line":422,"column":8},"end":{"line":422,"column":13732}},"69":{"start":{"line":424,"column":15},"end":{"line":424,"column":13824}},"70":{"start":{"line":426,"column":15},"end":{"line":426,"column":13914}},"71":{"start":{"line":430,"column":8},"end":{"line":430,"column":52}},"72":{"start":{"line":441,"column":8},"end":{"line":441,"column":51}},"73":{"start":{"line":443,"column":8},"end":{"line":443,"column":68}},"74":{"start":{"line":444,"column":8},"end":{"line":444,"column":53}},"75":{"start":{"line":445,"column":8},"end":{"line":445,"column":47}},"76":{"start":{"line":446,"column":8},"end":{"line":446,"column":14521}},"77":{"start":{"line":451,"column":8},"end":{"line":451,"column":57}},"78":{"start":{"line":456,"column":8},"end":{"line":456,"column":14803}},"79":{"start":{"line":457,"column":12},"end":{"line":457,"column":52}},"80":{"start":{"line":458,"column":15},"end":{"line":458,"column":14909}},"81":{"start":{"line":459,"column":12},"end":{"line":459,"column":51}},"82":{"start":{"line":461,"column":12},"end":{"line":461,"column":53}},"83":{"start":{"line":464,"column":8},"end":{"line":464,"column":15090}},"84":{"start":{"line":465,"column":12},"end":{"line":465,"column":39}},"85":{"start":{"line":466,"column":12},"end":{"line":466,"column":15195}},"86":{"start":{"line":467,"column":16},"end":{"line":467,"column":51}},"87":{"start":{"line":471,"column":8},"end":{"line":471,"column":48}},"88":{"start":{"line":482,"column":8},"end":{"line":482,"column":41}},"89":{"start":{"line":497,"column":8},"end":{"line":497,"column":51}},"90":{"start":{"line":498,"column":8},"end":{"line":498,"column":60}},"91":{"start":{"line":509,"column":8},"end":{"line":509,"column":51}},"92":{"start":{"line":510,"column":8},"end":{"line":510,"column":62}},"93":{"start":{"line":518,"column":8},"end":{"line":518,"column":22}},"94":{"start":{"line":529,"column":8},"end":{"line":529,"column":17049}},"95":{"start":{"line":531,"column":12},"end":{"line":531,"column":31}},"96":{"start":{"line":541,"column":8},"end":{"line":541,"column":17384}},"97":{"start":{"line":542,"column":12},"end":{"line":542,"column":66}},"98":{"start":{"line":543,"column":12},"end":{"line":543,"column":74}},"99":{"start":{"line":549,"column":8},"end":{"line":549,"column":29}},"100":{"start":{"line":576,"column":8},"end":{"line":576,"column":18417}},"101":{"start":{"line":577,"column":12},"end":{"line":577,"column":34}},"102":{"start":{"line":578,"column":12},"end":{"line":578,"column":42}},"103":{"start":{"line":580,"column":12},"end":{"line":580,"column":18561}},"104":{"start":{"line":598,"column":8},"end":{"line":598,"column":51}},"105":{"start":{"line":600,"column":8},"end":{"line":600,"column":19149}},"106":{"start":{"line":601,"column":12},"end":{"line":601,"column":19213}},"107":{"start":{"line":602,"column":16},"end":{"line":602,"column":27}},"108":{"start":{"line":605,"column":8},"end":{"line":605,"column":20}},"109":{"start":{"line":612,"column":8},"end":{"line":612,"column":51}},"110":{"start":{"line":614,"column":8},"end":{"line":614,"column":19542}},"111":{"start":{"line":615,"column":12},"end":{"line":615,"column":19606}},"112":{"start":{"line":616,"column":16},"end":{"line":616,"column":28}},"113":{"start":{"line":619,"column":8},"end":{"line":619,"column":19}},"114":{"start":{"line":629,"column":8},"end":{"line":629,"column":51}},"115":{"start":{"line":631,"column":8},"end":{"line":631,"column":33}},"116":{"start":{"line":632,"column":8},"end":{"line":632,"column":32}},"117":{"start":{"line":633,"column":8},"end":{"line":633,"column":34}},"118":{"start":{"line":634,"column":8},"end":{"line":634,"column":38}},"119":{"start":{"line":636,"column":8},"end":{"line":636,"column":20168}},"120":{"start":{"line":637,"column":12},"end":{"line":637,"column":37}},"121":{"start":{"line":640,"column":8},"end":{"line":640,"column":44}},"122":{"start":{"line":642,"column":8},"end":{"line":642,"column":20296}},"123":{"start":{"line":643,"column":12},"end":{"line":643,"column":36}},"124":{"start":{"line":646,"column":8},"end":{"line":646,"column":20369}},"125":{"start":{"line":647,"column":12},"end":{"line":647,"column":35}},"126":{"start":{"line":650,"column":8},"end":{"line":650,"column":20441}},"127":{"start":{"line":651,"column":12},"end":{"line":651,"column":37}},"128":{"start":{"line":654,"column":8},"end":{"line":654,"column":33}},"129":{"start":{"line":658,"column":8},"end":{"line":658,"column":65}},"130":{"start":{"line":659,"column":8},"end":{"line":659,"column":60}},"131":{"start":{"line":660,"column":8},"end":{"line":660,"column":53}},"132":{"start":{"line":662,"column":8},"end":{"line":662,"column":43}},"133":{"start":{"line":665,"column":8},"end":{"line":665,"column":50}},"134":{"start":{"line":674,"column":8},"end":{"line":674,"column":82}},"135":{"start":{"line":675,"column":8},"end":{"line":675,"column":25}},"136":{"start":{"line":679,"column":8},"end":{"line":679,"column":50}},"137":{"start":{"line":680,"column":8},"end":{"line":680,"column":66}},"138":{"start":{"line":681,"column":8},"end":{"line":681,"column":60}},"139":{"start":{"line":682,"column":8},"end":{"line":682,"column":56}},"140":{"start":{"line":684,"column":8},"end":{"line":684,"column":55}},"141":{"start":{"line":685,"column":8},"end":{"line":685,"column":50}},"142":{"start":{"line":686,"column":8},"end":{"line":686,"column":67}},"143":{"start":{"line":690,"column":8},"end":{"line":690,"column":21877}},"144":{"start":{"line":696,"column":8},"end":{"line":696,"column":72}},"145":{"start":{"line":700,"column":8},"end":{"line":700,"column":50}},"146":{"start":{"line":701,"column":8},"end":{"line":701,"column":66}},"147":{"start":{"line":702,"column":8},"end":{"line":702,"column":63}},"148":{"start":{"line":703,"column":8},"end":{"line":703,"column":56}},"149":{"start":{"line":705,"column":8},"end":{"line":705,"column":56}},"150":{"start":{"line":706,"column":8},"end":{"line":706,"column":47}},"151":{"start":{"line":708,"column":8},"end":{"line":708,"column":57}},"152":{"start":{"line":709,"column":8},"end":{"line":709,"column":63}},"153":{"start":{"line":712,"column":8},"end":{"line":712,"column":46}},"154":{"start":{"line":714,"column":8},"end":{"line":714,"column":41}},"155":{"start":{"line":728,"column":8},"end":{"line":728,"column":50}},"156":{"start":{"line":729,"column":8},"end":{"line":729,"column":66}}},"branchMap":{"1":{"line":182,"type":"if","locations":[{"start":{"line":182,"column":8},"end":{"line":182,"column":8}},{"start":{"line":182,"column":8},"end":{"line":182,"column":8}}]},"2":{"line":199,"type":"if","locations":[{"start":{"line":199,"column":8},"end":{"line":199,"column":8}},{"start":{"line":199,"column":8},"end":{"line":199,"column":8}}]},"3":{"line":218,"type":"if","locations":[{"start":{"line":218,"column":8},"end":{"line":218,"column":8}},{"start":{"line":218,"column":8},"end":{"line":218,"column":8}}]},"4":{"line":219,"type":"if","locations":[{"start":{"line":219,"column":8},"end":{"line":219,"column":8}},{"start":{"line":219,"column":8},"end":{"line":219,"column":8}}]},"5":{"line":220,"type":"if","locations":[{"start":{"line":220,"column":8},"end":{"line":220,"column":8}},{"start":{"line":220,"column":8},"end":{"line":220,"column":8}}]},"6":{"line":221,"type":"if","locations":[{"start":{"line":221,"column":8},"end":{"line":221,"column":8}},{"start":{"line":221,"column":8},"end":{"line":221,"column":8}}]},"7":{"line":224,"type":"if","locations":[{"start":{"line":224,"column":8},"end":{"line":224,"column":8}},{"start":{"line":224,"column":8},"end":{"line":224,"column":8}}]},"8":{"line":240,"type":"if","locations":[{"start":{"line":240,"column":8},"end":{"line":240,"column":8}},{"start":{"line":240,"column":8},"end":{"line":240,"column":8}}]},"9":{"line":241,"type":"if","locations":[{"start":{"line":241,"column":8},"end":{"line":241,"column":8}},{"start":{"line":241,"column":8},"end":{"line":241,"column":8}}]},"10":{"line":245,"type":"if","locations":[{"start":{"line":245,"column":8},"end":{"line":245,"column":8}},{"start":{"line":245,"column":8},"end":{"line":245,"column":8}}]},"11":{"line":257,"type":"if","locations":[{"start":{"line":257,"column":8},"end":{"line":257,"column":8}},{"start":{"line":257,"column":8},"end":{"line":257,"column":8}}]},"12":{"line":258,"type":"if","locations":[{"start":{"line":258,"column":8},"end":{"line":258,"column":8}},{"start":{"line":258,"column":8},"end":{"line":258,"column":8}}]},"13":{"line":298,"type":"if","locations":[{"start":{"line":298,"column":8},"end":{"line":298,"column":8}},{"start":{"line":298,"column":8},"end":{"line":298,"column":8}}]},"14":{"line":299,"type":"if","locations":[{"start":{"line":299,"column":8},"end":{"line":299,"column":8}},{"start":{"line":299,"column":8},"end":{"line":299,"column":8}}]},"15":{"line":300,"type":"if","locations":[{"start":{"line":300,"column":8},"end":{"line":300,"column":8}},{"start":{"line":300,"column":8},"end":{"line":300,"column":8}}]},"16":{"line":301,"type":"if","locations":[{"start":{"line":301,"column":8},"end":{"line":301,"column":8}},{"start":{"line":301,"column":8},"end":{"line":301,"column":8}}]},"17":{"line":339,"type":"if","locations":[{"start":{"line":339,"column":8},"end":{"line":339,"column":8}},{"start":{"line":339,"column":8},"end":{"line":339,"column":8}}]},"18":{"line":340,"type":"if","locations":[{"start":{"line":340,"column":8},"end":{"line":340,"column":8}},{"start":{"line":340,"column":8},"end":{"line":340,"column":8}}]},"19":{"line":341,"type":"if","locations":[{"start":{"line":341,"column":8},"end":{"line":341,"column":8}},{"start":{"line":341,"column":8},"end":{"line":341,"column":8}}]},"20":{"line":342,"type":"if","locations":[{"start":{"line":342,"column":8},"end":{"line":342,"column":8}},{"start":{"line":342,"column":8},"end":{"line":342,"column":8}}]},"21":{"line":354,"type":"if","locations":[{"start":{"line":354,"column":8},"end":{"line":354,"column":8}},{"start":{"line":354,"column":8},"end":{"line":354,"column":8}}]},"22":{"line":355,"type":"if","locations":[{"start":{"line":355,"column":8},"end":{"line":355,"column":8}},{"start":{"line":355,"column":8},"end":{"line":355,"column":8}}]},"23":{"line":377,"type":"if","locations":[{"start":{"line":377,"column":16},"end":{"line":377,"column":16}},{"start":{"line":377,"column":16},"end":{"line":377,"column":16}}]},"24":{"line":380,"type":"if","locations":[{"start":{"line":380,"column":16},"end":{"line":380,"column":16}},{"start":{"line":380,"column":16},"end":{"line":380,"column":16}}]},"25":{"line":386,"type":"if","locations":[{"start":{"line":386,"column":12},"end":{"line":386,"column":12}},{"start":{"line":386,"column":12},"end":{"line":386,"column":12}}]},"26":{"line":408,"type":"if","locations":[{"start":{"line":408,"column":8},"end":{"line":408,"column":8}},{"start":{"line":408,"column":8},"end":{"line":408,"column":8}}]},"27":{"line":409,"type":"if","locations":[{"start":{"line":409,"column":8},"end":{"line":409,"column":8}},{"start":{"line":409,"column":8},"end":{"line":409,"column":8}}]},"28":{"line":410,"type":"if","locations":[{"start":{"line":410,"column":8},"end":{"line":410,"column":8}},{"start":{"line":410,"column":8},"end":{"line":410,"column":8}}]},"29":{"line":411,"type":"if","locations":[{"start":{"line":411,"column":8},"end":{"line":411,"column":8}},{"start":{"line":411,"column":8},"end":{"line":411,"column":8}}]},"30":{"line":412,"type":"if","locations":[{"start":{"line":412,"column":8},"end":{"line":412,"column":8}},{"start":{"line":412,"column":8},"end":{"line":412,"column":8}}]},"31":{"line":413,"type":"if","locations":[{"start":{"line":413,"column":8},"end":{"line":413,"column":8}},{"start":{"line":413,"column":8},"end":{"line":413,"column":8}}]},"32":{"line":414,"type":"if","locations":[{"start":{"line":414,"column":8},"end":{"line":414,"column":8}},{"start":{"line":414,"column":8},"end":{"line":414,"column":8}}]},"33":{"line":417,"type":"if","locations":[{"start":{"line":417,"column":8},"end":{"line":417,"column":8}},{"start":{"line":417,"column":8},"end":{"line":417,"column":8}}]},"34":{"line":422,"type":"if","locations":[{"start":{"line":422,"column":8},"end":{"line":422,"column":8}},{"start":{"line":422,"column":8},"end":{"line":422,"column":8}}]},"35":{"line":424,"type":"if","locations":[{"start":{"line":424,"column":15},"end":{"line":424,"column":15}},{"start":{"line":424,"column":15},"end":{"line":424,"column":15}}]},"36":{"line":426,"type":"if","locations":[{"start":{"line":426,"column":15},"end":{"line":426,"column":15}},{"start":{"line":426,"column":15},"end":{"line":426,"column":15}}]},"37":{"line":443,"type":"if","locations":[{"start":{"line":443,"column":8},"end":{"line":443,"column":8}},{"start":{"line":443,"column":8},"end":{"line":443,"column":8}}]},"38":{"line":444,"type":"if","locations":[{"start":{"line":444,"column":8},"end":{"line":444,"column":8}},{"start":{"line":444,"column":8},"end":{"line":444,"column":8}}]},"39":{"line":445,"type":"if","locations":[{"start":{"line":445,"column":8},"end":{"line":445,"column":8}},{"start":{"line":445,"column":8},"end":{"line":445,"column":8}}]},"40":{"line":446,"type":"if","locations":[{"start":{"line":446,"column":8},"end":{"line":446,"column":8}},{"start":{"line":446,"column":8},"end":{"line":446,"column":8}}]},"41":{"line":447,"type":"cond-expr","locations":[{"start":{"line":447,"column":12},"end":{"line":447,"column":40}},{"start":{"line":447,"column":45},"end":{"line":447,"column":70}}]},"42":{"line":456,"type":"if","locations":[{"start":{"line":456,"column":8},"end":{"line":456,"column":8}},{"start":{"line":456,"column":8},"end":{"line":456,"column":8}}]},"43":{"line":458,"type":"if","locations":[{"start":{"line":458,"column":15},"end":{"line":458,"column":15}},{"start":{"line":458,"column":15},"end":{"line":458,"column":15}}]},"44":{"line":466,"type":"if","locations":[{"start":{"line":466,"column":12},"end":{"line":466,"column":12}},{"start":{"line":466,"column":12},"end":{"line":466,"column":12}}]},"45":{"line":529,"type":"if","locations":[{"start":{"line":529,"column":8},"end":{"line":529,"column":8}},{"start":{"line":529,"column":8},"end":{"line":529,"column":8}}]},"46":{"line":541,"type":"if","locations":[{"start":{"line":541,"column":8},"end":{"line":541,"column":8}},{"start":{"line":541,"column":8},"end":{"line":541,"column":8}}]},"47":{"line":542,"type":"if","locations":[{"start":{"line":542,"column":12},"end":{"line":542,"column":12}},{"start":{"line":542,"column":12},"end":{"line":542,"column":12}}]},"48":{"line":543,"type":"if","locations":[{"start":{"line":543,"column":12},"end":{"line":543,"column":12}},{"start":{"line":543,"column":12},"end":{"line":543,"column":12}}]},"49":{"line":580,"type":"if","locations":[{"start":{"line":580,"column":12},"end":{"line":580,"column":12}},{"start":{"line":580,"column":12},"end":{"line":580,"column":12}}]},"50":{"line":601,"type":"if","locations":[{"start":{"line":601,"column":12},"end":{"line":601,"column":12}},{"start":{"line":601,"column":12},"end":{"line":601,"column":12}}]},"51":{"line":615,"type":"if","locations":[{"start":{"line":615,"column":12},"end":{"line":615,"column":12}},{"start":{"line":615,"column":12},"end":{"line":615,"column":12}}]},"52":{"line":636,"type":"if","locations":[{"start":{"line":636,"column":8},"end":{"line":636,"column":8}},{"start":{"line":636,"column":8},"end":{"line":636,"column":8}}]},"53":{"line":642,"type":"if","locations":[{"start":{"line":642,"column":8},"end":{"line":642,"column":8}},{"start":{"line":642,"column":8},"end":{"line":642,"column":8}}]},"54":{"line":646,"type":"if","locations":[{"start":{"line":646,"column":8},"end":{"line":646,"column":8}},{"start":{"line":646,"column":8},"end":{"line":646,"column":8}}]},"55":{"line":650,"type":"if","locations":[{"start":{"line":650,"column":8},"end":{"line":650,"column":8}},{"start":{"line":650,"column":8},"end":{"line":650,"column":8}}]},"56":{"line":658,"type":"if","locations":[{"start":{"line":658,"column":8},"end":{"line":658,"column":8}},{"start":{"line":658,"column":8},"end":{"line":658,"column":8}}]},"57":{"line":659,"type":"if","locations":[{"start":{"line":659,"column":8},"end":{"line":659,"column":8}},{"start":{"line":659,"column":8},"end":{"line":659,"column":8}}]},"58":{"line":660,"type":"if","locations":[{"start":{"line":660,"column":8},"end":{"line":660,"column":8}},{"start":{"line":660,"column":8},"end":{"line":660,"column":8}}]},"59":{"line":680,"type":"if","locations":[{"start":{"line":680,"column":8},"end":{"line":680,"column":8}},{"start":{"line":680,"column":8},"end":{"line":680,"column":8}}]},"60":{"line":681,"type":"if","locations":[{"start":{"line":681,"column":8},"end":{"line":681,"column":8}},{"start":{"line":681,"column":8},"end":{"line":681,"column":8}}]},"61":{"line":682,"type":"if","locations":[{"start":{"line":682,"column":8},"end":{"line":682,"column":8}},{"start":{"line":682,"column":8},"end":{"line":682,"column":8}}]},"62":{"line":685,"type":"if","locations":[{"start":{"line":685,"column":8},"end":{"line":685,"column":8}},{"start":{"line":685,"column":8},"end":{"line":685,"column":8}}]},"63":{"line":686,"type":"if","locations":[{"start":{"line":686,"column":8},"end":{"line":686,"column":8}},{"start":{"line":686,"column":8},"end":{"line":686,"column":8}}]},"64":{"line":690,"type":"if","locations":[{"start":{"line":690,"column":8},"end":{"line":690,"column":8}},{"start":{"line":690,"column":8},"end":{"line":690,"column":8}}]},"65":{"line":701,"type":"if","locations":[{"start":{"line":701,"column":8},"end":{"line":701,"column":8}},{"start":{"line":701,"column":8},"end":{"line":701,"column":8}}]},"66":{"line":702,"type":"if","locations":[{"start":{"line":702,"column":8},"end":{"line":702,"column":8}},{"start":{"line":702,"column":8},"end":{"line":702,"column":8}}]},"67":{"line":703,"type":"if","locations":[{"start":{"line":703,"column":8},"end":{"line":703,"column":8}},{"start":{"line":703,"column":8},"end":{"line":703,"column":8}}]},"68":{"line":706,"type":"if","locations":[{"start":{"line":706,"column":8},"end":{"line":706,"column":8}},{"start":{"line":706,"column":8},"end":{"line":706,"column":8}}]},"69":{"line":709,"type":"if","locations":[{"start":{"line":709,"column":8},"end":{"line":709,"column":8}},{"start":{"line":709,"column":8},"end":{"line":709,"column":8}}]},"70":{"line":729,"type":"if","locations":[{"start":{"line":729,"column":8},"end":{"line":729,"column":8}},{"start":{"line":729,"column":8},"end":{"line":729,"column":8}}]}}},
"contracts/test/ERC721Evil.sol":{"l":{"16":2,"17":2,"21":2,"22":2,"24":2,"25":2,"27":2,"31":0,"32":0,"36":5,"37":5,"38":5,"42":2,"43":2,"44":2,"47":2,"48":2,"52":0,"53":0,"57":0,"59":0,"60":0,"64":0,"68":0,"69":0,"73":3,"81":0,"82":0,"88":0,"89":0,"91":0,"93":0,"94":0,"95":0,"97":0,"101":0,"105":0,"106":0,"110":0,"111":0,"113":0,"114":0,"115":0,"117":0},"path":"/Users/oliviaboyer/Desktop/Web3/security-audit/artdao/contracts/test/ERC721Evil.sol","s":{"1":2,"2":2,"3":2,"4":0,"5":0,"6":5,"7":5,"8":5,"9":2,"10":2,"11":2,"12":2,"13":0,"14":0,"15":0,"16":0,"17":0,"18":0,"19":0,"20":3,"21":0,"22":0,"23":0,"24":0,"25":0,"26":0,"27":0,"28":0,"29":0,"30":0,"31":0},"b":{"1":[2,0],"2":[2,0],"3":[0,0],"4":[5,0],"5":[2,0],"6":[2,0],"7":[2,0],"8":[0,0],"9":[0,0],"10":[0,0],"11":[0,0],"12":[0,0],"13":[0,0],"14":[0,0],"15":[0,0],"16":[0,0]},"f":{"1":2,"2":2,"3":0,"4":5,"5":2,"6":0,"7":0,"8":0,"9":0,"10":3,"11":3,"12":0,"13":0,"14":0,"15":0,"16":0},"fnMap":{"1":{"name":"constructor","line":15,"loc":{"start":{"line":15,"column":4},"end":{"line":18,"column":4}}},"2":{"name":"mint","line":20,"loc":{"start":{"line":20,"column":4},"end":{"line":28,"column":4}}},"3":{"name":"balanceOf","line":30,"loc":{"start":{"line":30,"column":4},"end":{"line":33,"column":4}}},"4":{"name":"ownerOf","line":35,"loc":{"start":{"line":35,"column":4},"end":{"line":39,"column":4}}},"5":{"name":"approve","line":41,"loc":{"start":{"line":41,"column":4},"end":{"line":49,"column":4}}},"6":{"name":"getApproved","line":51,"loc":{"start":{"line":51,"column":4},"end":{"line":54,"column":4}}},"7":{"name":"setApprovalForAll","line":56,"loc":{"start":{"line":56,"column":4},"end":{"line":61,"column":4}}},"8":{"name":"isApprovedForAll","line":63,"loc":{"start":{"line":63,"column":4},"end":{"line":65,"column":4}}},"9":{"name":"transferFrom","line":67,"loc":{"start":{"line":67,"column":4},"end":{"line":70,"column":4}}},"10":{"name":"safeTransferFrom","line":72,"loc":{"start":{"line":72,"column":4},"end":{"line":74,"column":4}}},"11":{"name":"safeTransferFrom","line":76,"loc":{"start":{"line":76,"column":4},"end":{"line":78,"column":4}}},"12":{"name":"_isApprovedOrOwner","line":80,"loc":{"start":{"line":80,"column":4},"end":{"line":85,"column":4}}},"13":{"name":"_transfer","line":87,"loc":{"start":{"line":87,"column":4},"end":{"line":98,"column":4}}},"14":{"name":"supportsInterface","line":100,"loc":{"start":{"line":100,"column":4},"end":{"line":102,"column":4}}},"15":{"name":"burn","line":104,"loc":{"start":{"line":104,"column":4},"end":{"line":107,"column":4}}},"16":{"name":"_burn","line":109,"loc":{"start":{"line":109,"column":4},"end":{"line":118,"column":4}}}},"statementMap":{"1":{"start":{"line":21,"column":8},"end":{"line":21,"column":68}},"2":{"start":{"line":22,"column":8},"end":{"line":22,"column":78}},"3":{"start":{"line":27,"column":8},"end":{"line":27,"column":46}},"4":{"start":{"line":31,"column":8},"end":{"line":31,"column":81}},"5":{"start":{"line":32,"column":8},"end":{"line":32,"column":31}},"6":{"start":{"line":36,"column":8},"end":{"line":36,"column":40}},"7":{"start":{"line":37,"column":8},"end":{"line":37,"column":80}},"8":{"start":{"line":38,"column":8},"end":{"line":38,"column":20}},"9":{"start":{"line":42,"column":8},"end":{"line":42,"column":40}},"10":{"start":{"line":43,"column":8},"end":{"line":43,"column":64}},"11":{"start":{"line":44,"column":8},"end":{"line":44,"column":1598}},"12":{"start":{"line":48,"column":8},"end":{"line":48,"column":41}},"13":{"start":{"line":52,"column":8},"end":{"line":52,"column":94}},"14":{"start":{"line":53,"column":8},"end":{"line":53,"column":39}},"15":{"start":{"line":57,"column":8},"end":{"line":57,"column":67}},"16":{"start":{"line":60,"column":8},"end":{"line":60,"column":59}},"17":{"start":{"line":64,"column":8},"end":{"line":64,"column":50}},"18":{"start":{"line":68,"column":8},"end":{"line":68,"column":108}},"19":{"start":{"line":69,"column":8},"end":{"line":69,"column":35}},"20":{"start":{"line":73,"column":8},"end":{"line":73,"column":46}},"21":{"start":{"line":81,"column":8},"end":{"line":81,"column":40}},"22":{"start":{"line":82,"column":8},"end":{"line":82,"column":3142}},"23":{"start":{"line":88,"column":8},"end":{"line":88,"column":81}},"24":{"start":{"line":89,"column":8},"end":{"line":89,"column":72}},"25":{"start":{"line":97,"column":8},"end":{"line":97,"column":40}},"26":{"start":{"line":101,"column":8},"end":{"line":101,"column":40}},"27":{"start":{"line":105,"column":8},"end":{"line":105,"column":99}},"28":{"start":{"line":106,"column":8},"end":{"line":106,"column":21}},"29":{"start":{"line":110,"column":8},"end":{"line":110,"column":40}},"30":{"start":{"line":111,"column":8},"end":{"line":111,"column":67}},"31":{"start":{"line":117,"column":8},"end":{"line":117,"column":49}}},"branchMap":{"1":{"line":21,"type":"if","locations":[{"start":{"line":21,"column":8},"end":{"line":21,"column":8}},{"start":{"line":21,"column":8},"end":{"line":21,"column":8}}]},"2":{"line":22,"type":"if","locations":[{"start":{"line":22,"column":8},"end":{"line":22,"column":8}},{"start":{"line":22,"column":8},"end":{"line":22,"column":8}}]},"3":{"line":31,"type":"if","locations":[{"start":{"line":31,"column":8},"end":{"line":31,"column":8}},{"start":{"line":31,"column":8},"end":{"line":31,"column":8}}]},"4":{"line":37,"type":"if","locations":[{"start":{"line":37,"column":8},"end":{"line":37,"column":8}},{"start":{"line":37,"column":8},"end":{"line":37,"column":8}}]},"5":{"line":43,"type":"if","locations":[{"start":{"line":43,"column":8},"end":{"line":43,"column":8}},{"start":{"line":43,"column":8},"end":{"line":43,"column":8}}]},"6":{"line":44,"type":"if","locations":[{"start":{"line":44,"column":8},"end":{"line":44,"column":8}},{"start":{"line":44,"column":8},"end":{"line":44,"column":8}}]},"7":{"line":44,"type":"cond-expr","locations":[{"start":{"line":44,"column":16},"end":{"line":44,"column":34}},{"start":{"line":44,"column":39},"end":{"line":44,"column":73}}]},"8":{"line":52,"type":"if","locations":[{"start":{"line":52,"column":8},"end":{"line":52,"column":8}},{"start":{"line":52,"column":8},"end":{"line":52,"column":8}}]},"9":{"line":57,"type":"if","locations":[{"start":{"line":57,"column":8},"end":{"line":57,"column":8}},{"start":{"line":57,"column":8},"end":{"line":57,"column":8}}]},"10":{"line":68,"type":"if","locations":[{"start":{"line":68,"column":8},"end":{"line":68,"column":8}},{"start":{"line":68,"column":8},"end":{"line":68,"column":8}}]},"11":{"line":82,"type":"cond-expr","locations":[{"start":{"line":82,"column":16},"end":{"line":82,"column":31}},{"start":{"line":83,"column":16},"end":{"line":83,"column":50}}]},"12":{"line":82,"type":"cond-expr","locations":[{"start":{"line":82,"column":16},"end":{"line":83,"column":50}},{"start":{"line":84,"column":16},"end":{"line":84,"column":47}}]},"13":{"line":88,"type":"if","locations":[{"start":{"line":88,"column":8},"end":{"line":88,"column":8}},{"start":{"line":88,"column":8},"end":{"line":88,"column":8}}]},"14":{"line":89,"type":"if","locations":[{"start":{"line":89,"column":8},"end":{"line":89,"column":8}},{"start":{"line":89,"column":8},"end":{"line":89,"column":8}}]},"15":{"line":105,"type":"if","locations":[{"start":{"line":105,"column":8},"end":{"line":105,"column":8}},{"start":{"line":105,"column":8},"end":{"line":105,"column":8}}]},"16":{"line":111,"type":"if","locations":[{"start":{"line":111,"column":8},"end":{"line":111,"column":8}},{"start":{"line":111,"column":8},"end":{"line":111,"column":8}}]}}},
"contracts/test/ERC721Mock.sol":{"l":{"16":13,"17":13,"21":22,"22":22,"24":22,"25":22,"27":22,"31":0,"32":0,"36":35,"37":35,"38":35,"42":20,"43":20,"44":20,"47":20,"48":20,"52":0,"53":0,"57":0,"59":0,"60":0,"64":2,"68":1,"69":0,"73":31,"77":31,"78":30,"82":32,"83":32,"89":30,"90":30,"92":30,"94":30,"95":30,"96":30,"98":30,"102":0},"path":"/Users/oliviaboyer/Desktop/Web3/security-audit/artdao/contracts/test/ERC721Mock.sol","s":{"1":22,"2":22,"3":22,"4":0,"5":0,"6":35,"7":35,"8":35,"9":20,"10":20,"11":20,"12":20,"13":0,"14":0,"15":0,"16":0,"17":2,"18":1,"19":0,"20":31,"21":31,"22":30,"23":32,"24":32,"25":30,"26":30,"27":30,"28":0},"b":{"1":[22,0],"2":[22,0],"3":[0,0],"4":[35,0],"5":[20,0],"6":[20,0],"7":[20,0],"8":[0,0],"9":[0,0],"10":[0,1],"11":[30,1],"12":[12,18],"13":[18,0],"14":[30,0],"15":[30,0]},"f":{"1":13,"2":22,"3":0,"4":35,"5":20,"6":0,"7":0,"8":2,"9":1,"10":31,"11":31,"12":32,"13":30,"14":0},"fnMap":{"1":{"name":"constructor","line":15,"loc":{"start":{"line":15,"column":4},"end":{"line":18,"column":4}}},"2":{"name":"mint","line":20,"loc":{"start":{"line":20,"column":4},"end":{"line":28,"column":4}}},"3":{"name":"balanceOf","line":30,"loc":{"start":{"line":30,"column":4},"end":{"line":33,"column":4}}},"4":{"name":"ownerOf","line":35,"loc":{"start":{"line":35,"column":4},"end":{"line":39,"column":4}}},"5":{"name":"approve","line":41,"loc":{"start":{"line":41,"column":4},"end":{"line":49,"column":4}}},"6":{"name":"getApproved","line":51,"loc":{"start":{"line":51,"column":4},"end":{"line":54,"column":4}}},"7":{"name":"setApprovalForAll","line":56,"loc":{"start":{"line":56,"column":4},"end":{"line":61,"column":4}}},"8":{"name":"isApprovedForAll","line":63,"loc":{"start":{"line":63,"column":4},"end":{"line":65,"column":4}}},"9":{"name":"transferFrom","line":67,"loc":{"start":{"line":67,"column":4},"end":{"line":70,"column":4}}},"10":{"name":"safeTransferFrom","line":72,"loc":{"start":{"line":72,"column":4},"end":{"line":74,"column":4}}},"11":{"name":"safeTransferFrom","line":76,"loc":{"start":{"line":76,"column":4},"end":{"line":79,"column":4}}},"12":{"name":"_isApprovedOrOwner","line":81,"loc":{"start":{"line":81,"column":4},"end":{"line":86,"column":4}}},"13":{"name":"_transfer","line":88,"loc":{"start":{"line":88,"column":4},"end":{"line":99,"column":4}}},"14":{"name":"supportsInterface","line":101,"loc":{"start":{"line":101,"column":4},"end":{"line":103,"column":4}}}},"statementMap":{"1":{"start":{"line":21,"column":8},"end":{"line":21,"column":68}},"2":{"start":{"line":22,"column":8},"end":{"line":22,"column":78}},"3":{"start":{"line":27,"column":8},"end":{"line":27,"column":46}},"4":{"start":{"line":31,"column":8},"end":{"line":31,"column":81}},"5":{"start":{"line":32,"column":8},"end":{"line":32,"column":31}},"6":{"start":{"line":36,"column":8},"end":{"line":36,"column":40}},"7":{"start":{"line":37,"column":8},"end":{"line":37,"column":80}},"8":{"start":{"line":38,"column":8},"end":{"line":38,"column":20}},"9":{"start":{"line":42,"column":8},"end":{"line":42,"column":40}},"10":{"start":{"line":43,"column":8},"end":{"line":43,"column":64}},"11":{"start":{"line":44,"column":8},"end":{"line":44,"column":1598}},"12":{"start":{"line":48,"column":8},"end":{"line":48,"column":41}},"13":{"start":{"line":52,"column":8},"end":{"line":52,"column":94}},"14":{"start":{"line":53,"column":8},"end":{"line":53,"column":39}},"15":{"start":{"line":57,"column":8},"end":{"line":57,"column":67}},"16":{"start":{"line":60,"column":8},"end":{"line":60,"column":59}},"17":{"start":{"line":64,"column":8},"end":{"line":64,"column":50}},"18":{"start":{"line":68,"column":8},"end":{"line":68,"column":108}},"19":{"start":{"line":69,"column":8},"end":{"line":69,"column":35}},"20":{"start":{"line":73,"column":8},"end":{"line":73,"column":46}},"21":{"start":{"line":77,"column":8},"end":{"line":77,"column":108}},"22":{"start":{"line":78,"column":8},"end":{"line":78,"column":35}},"23":{"start":{"line":82,"column":8},"end":{"line":82,"column":40}},"24":{"start":{"line":83,"column":8},"end":{"line":83,"column":3275}},"25":{"start":{"line":89,"column":8},"end":{"line":89,"column":81}},"26":{"start":{"line":90,"column":8},"end":{"line":90,"column":72}},"27":{"start":{"line":98,"column":8},"end":{"line":98,"column":40}},"28":{"start":{"line":102,"column":8},"end":{"line":102,"column":40}}},"branchMap":{"1":{"line":21,"type":"if","locations":[{"start":{"line":21,"column":8},"end":{"line":21,"column":8}},{"start":{"line":21,"column":8},"end":{"line":21,"column":8}}]},"2":{"line":22,"type":"if","locations":[{"start":{"line":22,"column":8},"end":{"line":22,"column":8}},{"start":{"line":22,"column":8},"end":{"line":22,"column":8}}]},"3":{"line":31,"type":"if","locations":[{"start":{"line":31,"column":8},"end":{"line":31,"column":8}},{"start":{"line":31,"column":8},"end":{"line":31,"column":8}}]},"4":{"line":37,"type":"if","locations":[{"start":{"line":37,"column":8},"end":{"line":37,"column":8}},{"start":{"line":37,"column":8},"end":{"line":37,"column":8}}]},"5":{"line":43,"type":"if","locations":[{"start":{"line":43,"column":8},"end":{"line":43,"column":8}},{"start":{"line":43,"column":8},"end":{"line":43,"column":8}}]},"6":{"line":44,"type":"if","locations":[{"start":{"line":44,"column":8},"end":{"line":44,"column":8}},{"start":{"line":44,"column":8},"end":{"line":44,"column":8}}]},"7":{"line":44,"type":"cond-expr","locations":[{"start":{"line":44,"column":16},"end":{"line":44,"column":34}},{"start":{"line":44,"column":39},"end":{"line":44,"column":73}}]},"8":{"line":52,"type":"if","locations":[{"start":{"line":52,"column":8},"end":{"line":52,"column":8}},{"start":{"line":52,"column":8},"end":{"line":52,"column":8}}]},"9":{"line":57,"type":"if","locations":[{"start":{"line":57,"column":8},"end":{"line":57,"column":8}},{"start":{"line":57,"column":8},"end":{"line":57,"column":8}}]},"10":{"line":68,"type":"if","locations":[{"start":{"line":68,"column":8},"end":{"line":68,"column":8}},{"start":{"line":68,"column":8},"end":{"line":68,"column":8}}]},"11":{"line":77,"type":"if","locations":[{"start":{"line":77,"column":8},"end":{"line":77,"column":8}},{"start":{"line":77,"column":8},"end":{"line":77,"column":8}}]},"12":{"line":83,"type":"cond-expr","locations":[{"start":{"line":83,"column":16},"end":{"line":83,"column":31}},{"start":{"line":84,"column":16},"end":{"line":84,"column":50}}]},"13":{"line":83,"type":"cond-expr","locations":[{"start":{"line":83,"column":16},"end":{"line":84,"column":50}},{"start":{"line":85,"column":16},"end":{"line":85,"column":47}}]},"14":{"line":89,"type":"if","locations":[{"start":{"line":89,"column":8},"end":{"line":89,"column":8}},{"start":{"line":89,"column":8},"end":{"line":89,"column":8}}]},"15":{"line":90,"type":"if","locations":[{"start":{"line":90,"column":8},"end":{"line":90,"column":8}},{"start":{"line":90,"column":8},"end":{"line":90,"column":8}}]}}},
"contracts/test/EvilArtist.sol":{"l":{"15":1,"19":0,"23":0,"24":0,"32":1,"35":1,"39":1,"42":1,"46":0,"53":0,"58":1,"61":1,"64":1},"path":"/Users/oliviaboyer/Desktop/Web3/security-audit/artdao/contracts/test/EvilArtist.sol","s":{"1":0,"2":0,"3":0,"4":1,"5":1,"6":1,"7":1,"8":0,"9":0,"10":1,"11":1,"12":1},"b":{"1":[0,0],"2":[1,0],"3":[1,0],"4":[0,0]},"f":{"1":0,"2":0,"3":0,"4":1,"5":1,"6":0,"7":1},"fnMap":{"1":{"name":null,"line":18,"loc":{"start":{"line":18,"column":4},"end":{"line":20,"column":4}}},"2":{"name":"sendETH","line":22,"loc":{"start":{"line":22,"column":4},"end":{"line":25,"column":4}}},"3":{"name":"deposit","line":27,"loc":{"start":{"line":27,"column":4},"end":{"line":27,"column":41}}},"4":{"name":"confirm","line":31,"loc":{"start":{"line":31,"column":4},"end":{"line":36,"column":4}}},"5":{"name":"fund","line":38,"loc":{"start":{"line":38,"column":4},"end":{"line":43,"column":4}}},"6":{"name":"acceptArt","line":45,"loc":{"start":{"line":45,"column":4},"end":{"line":54,"column":4}}},"7":{"name":"submitArt","line":56,"loc":{"start":{"line":56,"column":4},"end":{"line":65,"column":4}}}},"statementMap":{"1":{"start":{"line":19,"column":8},"end":{"line":19,"column":25}},"2":{"start":{"line":23,"column":8},"end":{"line":23,"column":56}},"3":{"start":{"line":24,"column":8},"end":{"line":24,"column":38}},"4":{"start":{"line":32,"column":8},"end":{"line":32,"column":849}},"5":{"start":{"line":35,"column":8},"end":{"line":35,"column":41}},"6":{"start":{"line":39,"column":8},"end":{"line":39,"column":1069}},"7":{"start":{"line":42,"column":8},"end":{"line":42,"column":38}},"8":{"start":{"line":46,"column":8},"end":{"line":46,"column":1320}},"9":{"start":{"line":53,"column":8},"end":{"line":53,"column":40}},"10":{"start":{"line":58,"column":8},"end":{"line":58,"column":56}},"11":{"start":{"line":61,"column":8},"end":{"line":61,"column":56}},"12":{"start":{"line":64,"column":8},"end":{"line":64,"column":54}}},"branchMap":{"1":{"line":24,"type":"if","locations":[{"start":{"line":24,"column":8},"end":{"line":24,"column":8}},{"start":{"line":24,"column":8},"end":{"line":24,"column":8}}]},"2":{"line":35,"type":"if","locations":[{"start":{"line":35,"column":8},"end":{"line":35,"column":8}},{"start":{"line":35,"column":8},"end":{"line":35,"column":8}}]},"3":{"line":42,"type":"if","locations":[{"start":{"line":42,"column":8},"end":{"line":42,"column":8}},{"start":{"line":42,"column":8},"end":{"line":42,"column":8}}]},"4":{"line":53,"type":"if","locations":[{"start":{"line":53,"column":8},"end":{"line":53,"column":8}},{"start":{"line":53,"column":8},"end":{"line":53,"column":8}}]}}},
"contracts/test/EvilBidder.sol":{"l":{"8":0,"12":0},"path":"/Users/oliviaboyer/Desktop/Web3/security-audit/artdao/contracts/test/EvilBidder.sol","s":{},"b":{},"f":{"1":0},"fnMap":{"1":{"name":"constructor","line":7,"loc":{"start":{"line":7,"column":4},"end":{"line":9,"column":4}}}},"statementMap":{},"branchMap":{}},
"contracts/test/EvilBuyer.sol":{"l":{"7":1,"11":0,"15":0,"16":0,"24":2,"27":2,"31":2,"34":2,"38":1,"41":1},"path":"/Users/oliviaboyer/Desktop/Web3/security-audit/artdao/contracts/test/EvilBuyer.sol","s":{"1":0,"2":0,"3":0,"4":2,"5":2,"6":2,"7":2,"8":1,"9":1},"b":{"1":[0,0],"2":[2,0],"3":[2,0],"4":[0,1]},"f":{"1":0,"2":0,"3":0,"4":2,"5":2,"6":1},"fnMap":{"1":{"name":null,"line":10,"loc":{"start":{"line":10,"column":4},"end":{"line":12,"column":4}}},"2":{"name":"sendETH","line":14,"loc":{"start":{"line":14,"column":4},"end":{"line":17,"column":4}}},"3":{"name":"deposit","line":19,"loc":{"start":{"line":19,"column":4},"end":{"line":19,"column":41}}},"4":{"name":"confirm","line":23,"loc":{"start":{"line":23,"column":4},"end":{"line":28,"column":4}}},"5":{"name":"fund","line":30,"loc":{"start":{"line":30,"column":4},"end":{"line":35,"column":4}}},"6":{"name":"payInFullAndRelease","line":37,"loc":{"start":{"line":37,"column":4},"end":{"line":42,"column":4}}}},"statementMap":{"1":{"start":{"line":11,"column":8},"end":{"line":11,"column":25}},"2":{"start":{"line":15,"column":8},"end":{"line":15,"column":56}},"3":{"start":{"line":16,"column":8},"end":{"line":16,"column":38}},"4":{"start":{"line":24,"column":8},"end":{"line":24,"column":611}},"5":{"start":{"line":27,"column":8},"end":{"line":27,"column":41}},"6":{"start":{"line":31,"column":8},"end":{"line":31,"column":831}},"7":{"start":{"line":34,"column":8},"end":{"line":34,"column":38}},"8":{"start":{"line":38,"column":8},"end":{"line":38,"column":1070}},"9":{"start":{"line":41,"column":8},"end":{"line":41,"column":37}}},"branchMap":{"1":{"line":16,"type":"if","locations":[{"start":{"line":16,"column":8},"end":{"line":16,"column":8}},{"start":{"line":16,"column":8},"end":{"line":16,"column":8}}]},"2":{"line":27,"type":"if","locations":[{"start":{"line":27,"column":8},"end":{"line":27,"column":8}},{"start":{"line":27,"column":8},"end":{"line":27,"column":8}}]},"3":{"line":34,"type":"if","locations":[{"start":{"line":34,"column":8},"end":{"line":34,"column":8}},{"start":{"line":34,"column":8},"end":{"line":34,"column":8}}]},"4":{"line":41,"type":"if","locations":[{"start":{"line":41,"column":8},"end":{"line":41,"column":8}},{"start":{"line":41,"column":8},"end":{"line":41,"column":8}}]}}},
"contracts/test/EvilJuror.sol":{"l":{"19":2,"23":2,"24":2,"28":1,"29":1,"33":0,"38":2},"path":"/Users/oliviaboyer/Desktop/Web3/security-audit/artdao/contracts/test/EvilJuror.sol","s":{"1":2,"2":2,"3":1,"4":1,"5":0},"b":{"1":[2,0],"2":[1,0]},"f":{"1":2,"2":2,"3":1,"4":0},"fnMap":{"1":{"name":"constructor","line":18,"loc":{"start":{"line":18,"column":4},"end":{"line":20,"column":4}}},"2":{"name":"makebid","line":22,"loc":{"start":{"line":22,"column":4},"end":{"line":25,"column":4}}},"3":{"name":"justvote","line":27,"loc":{"start":{"line":27,"column":4},"end":{"line":30,"column":4}}},"4":{"name":"onERC721Received","line":32,"loc":{"start":{"line":32,"column":4},"end":{"line":34,"column":4}}}},"statementMap":{"1":{"start":{"line":23,"column":9},"end":{"line":23,"column":120}},"2":{"start":{"line":24,"column":12},"end":{"line":24,"column":41}},"3":{"start":{"line":28,"column":7},"end":{"line":28,"column":115}},"4":{"start":{"line":29,"column":8},"end":{"line":29,"column":38}},"5":{"start":{"line":33,"column":8},"end":{"line":33,"column":56}}},"branchMap":{"1":{"line":24,"type":"if","locations":[{"start":{"line":24,"column":12},"end":{"line":24,"column":12}},{"start":{"line":24,"column":12},"end":{"line":24,"column":12}}]},"2":{"line":29,"type":"if","locations":[{"start":{"line":29,"column":8},"end":{"line":29,"column":8}},{"start":{"line":29,"column":8},"end":{"line":29,"column":8}}]}}}}
