TN:
SF:/Users/oliviaboyer/Desktop/Web3/security-audit/artdao/contracts/art_commission.sol
FN:105,constructor
FN:142,onlyArtist
FN:147,onlyBuyer
FN:152,onlyParties
FN:157,onlyDAO
FN:170,onERC721Received
FN:183,contractConfirm
FN:207,fund
FN:230,acceptArt
FN:251,payInFullAndRelease
FN:270,goodFaithRelease
FN:311,raiseDispute
FN:338,artistWins
FN:361,buyerWins
FN:384,neitherWins
FNF:15
FNH:14
FNDA:23,constructor
FNDA:23,onlyArtist
FNDA:7,onlyBuyer
FNDA:95,onlyParties
FNDA:9,onlyDAO
FNDA:0,onERC721Received
FNDA:28,contractConfirm
FNDA:53,fund
FNDA:22,acceptArt
FNDA:7,payInFullAndRelease
FNDA:2,goodFaithRelease
FNDA:11,raiseDispute
FNDA:1,artistWins
FNDA:2,buyerWins
FNDA:6,neitherWins
DA:108,23
DA:109,22
DA:110,21
DA:111,20
DA:114,19
DA:115,18
DA:117,17
DA:118,17
DA:119,17
DA:121,17
DA:122,17
DA:123,17
DA:124,17
DA:126,17
DA:128,17
DA:131,17
DA:132,15
DA:134,2
DA:143,23
DA:144,22
DA:148,7
DA:149,7
DA:153,95
DA:154,94
DA:158,9
DA:159,9
DA:171,0
DA:172,0
DA:173,0
DA:184,28
DA:186,28
DA:187,26
DA:189,2
DA:192,27
DA:193,27
DA:195,27
DA:208,53
DA:210,52
DA:211,27
DA:214,51
DA:215,27
DA:220,50
DA:221,25
DA:224,50
DA:231,22
DA:233,22
DA:234,22
DA:237,21
DA:239,20
DA:240,20
DA:242,20
DA:244,20
DA:252,7
DA:253,7
DA:256,6
DA:259,6
DA:260,5
DA:262,4
DA:264,4
DA:271,2
DA:272,1
DA:275,2
DA:276,1
DA:279,2
DA:282,0
DA:283,0
DA:285,0
DA:286,0
DA:289,0
DA:290,0
DA:292,0
DA:293,0
DA:296,0
DA:298,0
DA:312,11
DA:316,11
DA:318,11
DA:319,11
DA:321,11
DA:324,11
DA:325,11
DA:327,11
DA:339,1
DA:341,1
DA:342,1
DA:345,1
DA:346,1
DA:348,1
DA:350,1
DA:362,2
DA:364,2
DA:365,1
DA:368,2
DA:369,2
DA:371,2
DA:373,2
DA:385,6
DA:387,6
DA:388,5
DA:391,5
DA:393,5
DA:394,0
DA:395,0
DA:399,5
DA:400,5
DA:404,5
DA:406,5
LF:107
LH:92
BRDA:108,1,0,22
BRDA:108,1,1,1
BRDA:108,2,0,19
BRDA:108,2,1,3
BRDA:109,3,0,21
BRDA:109,3,1,1
BRDA:110,4,0,20
BRDA:110,4,1,1
BRDA:111,5,0,19
BRDA:111,5,1,1
BRDA:114,6,0,18
BRDA:114,6,1,1
BRDA:115,7,0,17
BRDA:115,7,1,1
BRDA:131,8,0,15
BRDA:131,8,1,2
BRDA:143,9,0,22
BRDA:143,9,1,1
BRDA:148,10,0,7
BRDA:148,10,1,0
BRDA:153,11,0,94
BRDA:153,11,1,1
BRDA:153,12,0,42
BRDA:153,12,1,52
BRDA:158,13,0,9
BRDA:158,13,1,0
BRDA:171,14,0,0
BRDA:171,14,1,0
BRDA:172,15,0,0
BRDA:172,15,1,0
BRDA:183,16,0,28
BRDA:183,16,1,1
BRDA:184,17,0,28
BRDA:184,17,1,0
BRDA:186,18,0,26
BRDA:186,18,1,2
BRDA:187,19,0,25
BRDA:187,19,1,1
BRDA:189,20,0,2
BRDA:189,20,1,0
BRDA:207,21,0,53
BRDA:207,21,1,0
BRDA:208,22,0,52
BRDA:208,22,1,1
BRDA:210,23,0,27
BRDA:210,23,1,25
BRDA:211,24,0,26
BRDA:211,24,1,1
BRDA:214,25,0,27
BRDA:214,25,1,24
BRDA:215,26,0,26
BRDA:215,26,1,1
BRDA:220,27,0,25
BRDA:220,27,1,25
BRDA:230,28,0,22
BRDA:230,28,1,1
BRDA:231,29,0,22
BRDA:231,29,1,0
BRDA:234,30,0,21
BRDA:234,30,1,1
BRDA:251,31,0,7
BRDA:251,31,1,0
BRDA:252,32,0,7
BRDA:252,32,1,0
BRDA:253,33,0,6
BRDA:253,33,1,1
BRDA:270,34,0,2
BRDA:270,34,1,0
BRDA:271,35,0,1
BRDA:271,35,1,1
BRDA:275,36,0,1
BRDA:275,36,1,1
BRDA:279,37,0,0
BRDA:279,37,1,2
BRDA:282,38,0,0
BRDA:282,38,1,0
BRDA:288,39,0,0
BRDA:288,39,1,0
BRDA:311,40,0,11
BRDA:311,40,1,0
BRDA:312,41,0,11
BRDA:312,41,1,0
BRDA:313,42,0,1
BRDA:313,42,1,10
BRDA:316,43,0,11
BRDA:316,43,1,0
BRDA:319,44,0,11
BRDA:319,44,1,0
BRDA:338,45,0,1
BRDA:338,45,1,0
BRDA:339,46,0,1
BRDA:339,46,1,0
BRDA:341,47,0,1
BRDA:341,47,1,0
BRDA:361,48,0,2
BRDA:361,48,1,0
BRDA:362,49,0,2
BRDA:362,49,1,0
BRDA:364,50,0,1
BRDA:364,50,1,1
BRDA:384,51,0,6
BRDA:384,51,1,0
BRDA:385,52,0,6
BRDA:385,52,1,0
BRDA:387,53,0,5
BRDA:387,53,1,0
BRDA:393,54,0,0
BRDA:393,54,1,5
BRDA:399,55,0,5
BRDA:399,55,1,0
BRF:110
BRH:78
end_of_record
TN:
SF:/Users/oliviaboyer/Desktop/Web3/security-audit/artdao/contracts/art_dao.sol
FN:165,constructor
FN:181,mint
FN:198,_startAuction
FN:215,bid
FN:237,settleAuction
FN:256,transfer
FN:266,balanceOf
FN:273,ownerOf
FN:280,treasuryBalance
FN:293,createDisputeCase
FN:336,selectJurors
FN:405,vote
FN:440,resolveDispute
FN:481,getJurors
FN:488,getVoteCounts
FN:504,getJurorVote
FN:517,getAllHolders
FN:528,_addHolderIfNeeded
FN:540,_moveToken
FN:563,_getEligibleCandidates
FN:597,_isJuror
FN:611,_allJurorsVoted
FN:628,_calculateOutcome
FN:657,createProposal
FN:678,voteProposal
FN:699,executeProposal
FN:717,getProposal
FNF:27
FNH:27
FNDA:22,constructor
FNDA:62,mint
FNDA:61,_startAuction
FNDA:78,bid
FNDA:60,settleAuction
FNDA:1,transfer
FNDA:2,balanceOf
FNDA:1,ownerOf
FNDA:2,treasuryBalance
FNDA:11,createDisputeCase
FNDA:11,selectJurors
FNDA:26,vote
FNDA:10,resolveDispute
FNDA:11,getJurors
FNDA:1,getVoteCounts
FNDA:3,getJurorVote
FNDA:1,getAllHolders
FNDA:143,_addHolderIfNeeded
FNDA:121,_moveToken
FNDA:11,_getEligibleCandidates
FNDA:26,_isJuror
FNDA:3,_allJurorsVoted
FNDA:9,_calculateOutcome
FNDA:2,createProposal
FNDA:8,voteProposal
FNDA:2,executeProposal
FNDA:1,getProposal
DA:166,22
DA:167,22
DA:168,22
DA:169,22
DA:171,22
DA:182,62
DA:184,61
DA:185,61
DA:187,61
DA:189,61
DA:191,61
DA:192,61
DA:199,61
DA:201,61
DA:202,61
DA:203,61
DA:204,61
DA:205,61
DA:206,61
DA:207,61
DA:209,61
DA:216,78
DA:218,78
DA:219,78
DA:220,78
DA:221,78
DA:224,78
DA:225,19
DA:228,77
DA:229,77
DA:231,77
DA:238,60
DA:240,60
DA:241,60
DA:243,60
DA:245,60
DA:246,59
DA:247,59
DA:249,1
DA:257,1
DA:258,1
DA:260,1
DA:267,2
DA:274,1
DA:281,2
DA:298,11
DA:299,11
DA:300,11
DA:301,11
DA:303,11
DA:304,11
DA:306,11
DA:307,11
DA:308,11
DA:309,11
DA:310,11
DA:311,11
DA:312,11
DA:314,11
DA:316,11
DA:337,11
DA:339,11
DA:340,11
DA:341,11
DA:342,11
DA:344,11
DA:345,11
DA:347,11
DA:354,11
DA:355,10
DA:357,10
DA:359,10
DA:361,28
DA:373,28
DA:374,28
DA:376,28
DA:377,59
DA:379,43
DA:380,43
DA:381,28
DA:382,28
DA:386,28
DA:388,28
DA:389,28
DA:391,28
DA:392,28
DA:394,28
DA:397,10
DA:398,10
DA:399,10
DA:406,26
DA:408,26
DA:409,26
DA:410,26
DA:411,26
DA:412,26
DA:413,26
DA:414,25
DA:416,25
DA:417,25
DA:419,25
DA:420,25
DA:422,25
DA:423,7
DA:425,8
DA:427,10
DA:430,25
DA:441,10
DA:443,10
DA:444,10
DA:445,10
DA:446,10
DA:451,9
DA:453,9
DA:454,9
DA:456,9
DA:457,1
DA:459,2
DA:461,6
DA:464,8
DA:465,23
DA:466,23
DA:467,20
DA:471,7
DA:482,11
DA:497,1
DA:498,1
DA:509,3
DA:510,3
DA:518,1
DA:529,143
DA:530,81
DA:531,81
DA:541,121
DA:542,60
DA:543,60
DA:544,60
DA:546,61
DA:549,121
DA:550,121
DA:551,121
DA:573,11
DA:574,11
DA:576,11
DA:577,45
DA:578,45
DA:580,45
DA:586,34
DA:587,34
DA:588,34
DA:589,34
DA:598,26
DA:600,26
DA:601,51
DA:602,25
DA:605,1
DA:612,3
DA:614,3
DA:615,6
DA:616,1
DA:619,2
DA:629,9
DA:631,9
DA:632,9
DA:633,9
DA:634,9
DA:636,9
DA:637,1
DA:640,8
DA:642,8
DA:643,1
DA:646,7
DA:647,2
DA:650,5
DA:651,4
DA:654,1
DA:658,2
DA:659,2
DA:660,2
DA:662,2
DA:663,2
DA:665,2
DA:666,2
DA:667,2
DA:668,2
DA:669,2
DA:670,2
DA:671,2
DA:672,2
DA:674,2
DA:675,2
DA:679,8
DA:680,8
DA:681,8
DA:682,8
DA:684,8
DA:685,8
DA:686,8
DA:688,8
DA:690,8
DA:691,4
DA:693,4
DA:696,8
DA:700,2
DA:701,2
DA:702,2
DA:703,2
DA:705,2
DA:706,2
DA:708,2
DA:709,2
DA:711,1
DA:712,1
DA:714,1
DA:728,1
DA:729,1
DA:731,1
DA:732,1
DA:733,1
DA:734,1
DA:735,1
DA:736,1
DA:737,1
DA:738,1
DA:739,1
LF:225
LH:225
BRDA:182,1,0,61
BRDA:182,1,1,1
BRDA:199,2,0,61
BRDA:199,2,1,0
BRDA:218,3,0,78
BRDA:218,3,1,0
BRDA:219,4,0,78
BRDA:219,4,1,0
BRDA:220,5,0,78
BRDA:220,5,1,0
BRDA:221,6,0,78
BRDA:221,6,1,0
BRDA:224,7,0,19
BRDA:224,7,1,59
BRDA:240,8,0,60
BRDA:240,8,1,0
BRDA:241,9,0,60
BRDA:241,9,1,0
BRDA:245,10,0,59
BRDA:245,10,1,1
BRDA:257,11,0,1
BRDA:257,11,1,0
BRDA:258,12,0,1
BRDA:258,12,1,0
BRDA:298,13,0,11
BRDA:298,13,1,0
BRDA:299,14,0,11
BRDA:299,14,1,0
BRDA:300,15,0,11
BRDA:300,15,1,0
BRDA:301,16,0,11
BRDA:301,16,1,0
BRDA:339,17,0,11
BRDA:339,17,1,0
BRDA:340,18,0,11
BRDA:340,18,1,0
BRDA:341,19,0,11
BRDA:341,19,1,0
BRDA:342,20,0,11
BRDA:342,20,1,0
BRDA:354,21,0,10
BRDA:354,21,1,1
BRDA:355,22,0,10
BRDA:355,22,1,0
BRDA:377,23,0,16
BRDA:377,23,1,43
BRDA:380,24,0,28
BRDA:380,24,1,15
BRDA:386,25,0,28
BRDA:386,25,1,0
BRDA:408,26,0,26
BRDA:408,26,1,0
BRDA:409,27,0,26
BRDA:409,27,1,0
BRDA:410,28,0,26
BRDA:410,28,1,0
BRDA:411,29,0,26
BRDA:411,29,1,0
BRDA:412,30,0,26
BRDA:412,30,1,0
BRDA:413,31,0,25
BRDA:413,31,1,1
BRDA:414,32,0,25
BRDA:414,32,1,0
BRDA:417,33,0,25
BRDA:417,33,1,0
BRDA:422,34,0,7
BRDA:422,34,1,18
BRDA:424,35,0,8
BRDA:424,35,1,10
BRDA:426,36,0,10
BRDA:426,36,1,0
BRDA:443,37,0,10
BRDA:443,37,1,0
BRDA:444,38,0,10
BRDA:444,38,1,0
BRDA:445,39,0,10
BRDA:445,39,1,0
BRDA:446,40,0,9
BRDA:446,40,1,1
BRDA:447,41,0,7
BRDA:447,41,1,2
BRDA:456,42,0,1
BRDA:456,42,1,8
BRDA:458,43,0,2
BRDA:458,43,1,6
BRDA:466,44,0,20
BRDA:466,44,1,3
BRDA:529,45,0,81
BRDA:529,45,1,62
BRDA:541,46,0,60
BRDA:541,46,1,61
BRDA:542,47,0,60
BRDA:542,47,1,0
BRDA:543,48,0,60
BRDA:543,48,1,0
BRDA:580,49,0,34
BRDA:580,49,1,11
BRDA:601,50,0,25
BRDA:601,50,1,26
BRDA:615,51,0,1
BRDA:615,51,1,5
BRDA:636,52,0,1
BRDA:636,52,1,8
BRDA:642,53,0,1
BRDA:642,53,1,7
BRDA:646,54,0,2
BRDA:646,54,1,5
BRDA:650,55,0,4
BRDA:650,55,1,1
BRDA:658,56,0,2
BRDA:658,56,1,0
BRDA:659,57,0,2
BRDA:659,57,1,0
BRDA:660,58,0,2
BRDA:660,58,1,0
BRDA:680,59,0,8
BRDA:680,59,1,0
BRDA:681,60,0,8
BRDA:681,60,1,0
BRDA:682,61,0,8
BRDA:682,61,1,0
BRDA:685,62,0,8
BRDA:685,62,1,0
BRDA:686,63,0,8
BRDA:686,63,1,0
BRDA:690,64,0,4
BRDA:690,64,1,4
BRDA:701,65,0,2
BRDA:701,65,1,0
BRDA:702,66,0,2
BRDA:702,66,1,0
BRDA:703,67,0,2
BRDA:703,67,1,0
BRDA:706,68,0,2
BRDA:706,68,1,0
BRDA:709,69,0,1
BRDA:709,69,1,1
BRDA:729,70,0,1
BRDA:729,70,1,0
BRF:140
BRH:95
end_of_record
TN:
SF:/Users/oliviaboyer/Desktop/Web3/security-audit/artdao/contracts/test/ERC721Evil.sol
FN:15,constructor
FN:20,mint
FN:30,balanceOf
FN:35,ownerOf
FN:41,approve
FN:51,getApproved
FN:56,setApprovalForAll
FN:63,isApprovedForAll
FN:67,transferFrom
FN:72,safeTransferFrom
FN:76,safeTransferFrom
FN:80,_isApprovedOrOwner
FN:87,_transfer
FN:100,supportsInterface
FN:104,burn
FN:109,_burn
FNF:16
FNH:6
FNDA:2,constructor
FNDA:2,mint
FNDA:0,balanceOf
FNDA:5,ownerOf
FNDA:2,approve
FNDA:0,getApproved
FNDA:0,setApprovalForAll
FNDA:0,isApprovedForAll
FNDA:0,transferFrom
FNDA:3,safeTransferFrom
FNDA:3,safeTransferFrom
FNDA:0,_isApprovedOrOwner
FNDA:0,_transfer
FNDA:0,supportsInterface
FNDA:0,burn
FNDA:0,_burn
DA:16,2
DA:17,2
DA:21,2
DA:22,2
DA:24,2
DA:25,2
DA:27,2
DA:31,0
DA:32,0
DA:36,5
DA:37,5
DA:38,5
DA:42,2
DA:43,2
DA:44,2
DA:47,2
DA:48,2
DA:52,0
DA:53,0
DA:57,0
DA:59,0
DA:60,0
DA:64,0
DA:68,0
DA:69,0
DA:73,3
DA:81,0
DA:82,0
DA:88,0
DA:89,0
DA:91,0
DA:93,0
DA:94,0
DA:95,0
DA:97,0
DA:101,0
DA:105,0
DA:106,0
DA:110,0
DA:111,0
DA:113,0
DA:114,0
DA:115,0
DA:117,0
LF:44
LH:16
BRDA:21,1,0,2
BRDA:21,1,1,0
BRDA:22,2,0,2
BRDA:22,2,1,0
BRDA:31,3,0,0
BRDA:31,3,1,0
BRDA:37,4,0,5
BRDA:37,4,1,0
BRDA:43,5,0,2
BRDA:43,5,1,0
BRDA:44,6,0,2
BRDA:44,6,1,0
BRDA:44,7,0,2
BRDA:44,7,1,0
BRDA:52,8,0,0
BRDA:52,8,1,0
BRDA:57,9,0,0
BRDA:57,9,1,0
BRDA:68,10,0,0
BRDA:68,10,1,0
BRDA:82,11,0,0
BRDA:82,11,1,0
BRDA:82,12,0,0
BRDA:82,12,1,0
BRDA:88,13,0,0
BRDA:88,13,1,0
BRDA:89,14,0,0
BRDA:89,14,1,0
BRDA:105,15,0,0
BRDA:105,15,1,0
BRDA:111,16,0,0
BRDA:111,16,1,0
BRF:32
BRH:6
end_of_record
TN:
SF:/Users/oliviaboyer/Desktop/Web3/security-audit/artdao/contracts/test/ERC721Mock.sol
FN:15,constructor
FN:20,mint
FN:30,balanceOf
FN:35,ownerOf
FN:41,approve
FN:51,getApproved
FN:56,setApprovalForAll
FN:63,isApprovedForAll
FN:67,transferFrom
FN:72,safeTransferFrom
FN:76,safeTransferFrom
FN:81,_isApprovedOrOwner
FN:88,_transfer
FN:101,supportsInterface
FNF:14
FNH:10
FNDA:13,constructor
FNDA:22,mint
FNDA:0,balanceOf
FNDA:35,ownerOf
FNDA:20,approve
FNDA:0,getApproved
FNDA:0,setApprovalForAll
FNDA:2,isApprovedForAll
FNDA:1,transferFrom
FNDA:31,safeTransferFrom
FNDA:31,safeTransferFrom
FNDA:32,_isApprovedOrOwner
FNDA:30,_transfer
FNDA:0,supportsInterface
DA:16,13
DA:17,13
DA:21,22
DA:22,22
DA:24,22
DA:25,22
DA:27,22
DA:31,0
DA:32,0
DA:36,35
DA:37,35
DA:38,35
DA:42,20
DA:43,20
DA:44,20
DA:47,20
DA:48,20
DA:52,0
DA:53,0
DA:57,0
DA:59,0
DA:60,0
DA:64,2
DA:68,1
DA:69,0
DA:73,31
DA:77,31
DA:78,30
DA:82,32
DA:83,32
DA:89,30
DA:90,30
DA:92,30
DA:94,30
DA:95,30
DA:96,30
DA:98,30
DA:102,0
LF:38
LH:29
BRDA:21,1,0,22
BRDA:21,1,1,0
BRDA:22,2,0,22
BRDA:22,2,1,0
BRDA:31,3,0,0
BRDA:31,3,1,0
BRDA:37,4,0,35
BRDA:37,4,1,0
BRDA:43,5,0,20
BRDA:43,5,1,0
BRDA:44,6,0,20
BRDA:44,6,1,0
BRDA:44,7,0,20
BRDA:44,7,1,0
BRDA:52,8,0,0
BRDA:52,8,1,0
BRDA:57,9,0,0
BRDA:57,9,1,0
BRDA:68,10,0,0
BRDA:68,10,1,1
BRDA:77,11,0,30
BRDA:77,11,1,1
BRDA:83,12,0,12
BRDA:83,12,1,18
BRDA:83,13,0,18
BRDA:83,13,1,0
BRDA:89,14,0,30
BRDA:89,14,1,0
BRDA:90,15,0,30
BRDA:90,15,1,0
BRF:30
BRH:14
end_of_record
TN:
SF:/Users/oliviaboyer/Desktop/Web3/security-audit/artdao/contracts/test/EvilArtist.sol
FN:18,
FN:22,sendETH
FN:27,deposit
FN:31,confirm
FN:38,fund
FN:45,acceptArt
FN:56,submitArt
FNF:7
FNH:3
FNDA:0,
FNDA:0,sendETH
FNDA:0,deposit
FNDA:1,confirm
FNDA:1,fund
FNDA:0,acceptArt
FNDA:1,submitArt
DA:15,1
DA:19,0
DA:23,0
DA:24,0
DA:32,1
DA:35,1
DA:39,1
DA:42,1
DA:46,0
DA:53,0
DA:58,1
DA:61,1
DA:64,1
LF:13
LH:8
BRDA:24,1,0,0
BRDA:24,1,1,0
BRDA:35,2,0,1
BRDA:35,2,1,0
BRDA:42,3,0,1
BRDA:42,3,1,0
BRDA:53,4,0,0
BRDA:53,4,1,0
BRF:8
BRH:2
end_of_record
TN:
SF:/Users/oliviaboyer/Desktop/Web3/security-audit/artdao/contracts/test/EvilBidder.sol
FN:7,constructor
FNF:1
FNH:0
FNDA:0,constructor
DA:8,0
DA:12,0
LF:2
LH:0
BRF:0
BRH:0
end_of_record
TN:
SF:/Users/oliviaboyer/Desktop/Web3/security-audit/artdao/contracts/test/EvilBuyer.sol
FN:10,
FN:14,sendETH
FN:19,deposit
FN:23,confirm
FN:30,fund
FN:37,payInFullAndRelease
FNF:6
FNH:3
FNDA:0,
FNDA:0,sendETH
FNDA:0,deposit
FNDA:2,confirm
FNDA:2,fund
FNDA:1,payInFullAndRelease
DA:7,1
DA:11,0
DA:15,0
DA:16,0
DA:24,2
DA:27,2
DA:31,2
DA:34,2
DA:38,1
DA:41,1
LF:10
LH:7
BRDA:16,1,0,0
BRDA:16,1,1,0
BRDA:27,2,0,2
BRDA:27,2,1,0
BRDA:34,3,0,2
BRDA:34,3,1,0
BRDA:41,4,0,0
BRDA:41,4,1,1
BRF:8
BRH:3
end_of_record
TN:
SF:/Users/oliviaboyer/Desktop/Web3/security-audit/artdao/contracts/test/EvilJuror.sol
FN:18,constructor
FN:22,makebid
FN:27,justvote
FN:32,onERC721Received
FNF:4
FNH:3
FNDA:2,constructor
FNDA:2,makebid
FNDA:1,justvote
FNDA:0,onERC721Received
DA:19,2
DA:23,2
DA:24,2
DA:28,1
DA:29,1
DA:33,0
DA:38,2
LF:7
LH:6
BRDA:24,1,0,2
BRDA:24,1,1,0
BRDA:29,2,0,1
BRDA:29,2,1,0
BRF:4
BRH:2
end_of_record
