{"contracts/art_commission.sol":{"l":{"108":21,"109":20,"110":19,"111":18,"114":17,"115":16,"117":15,"118":15,"119":15,"121":15,"122":15,"123":15,"124":15,"126":15,"128":15,"131":15,"132":14,"134":1,"143":22,"144":21,"148":7,"149":7,"153":87,"154":86,"158":7,"159":7,"171":0,"172":0,"173":0,"184":26,"186":26,"187":25,"189":1,"192":25,"193":25,"195":25,"208":49,"210":48,"211":25,"214":47,"215":25,"220":46,"221":23,"224":46,"231":21,"233":21,"234":21,"237":20,"239":19,"240":19,"242":19,"244":19,"252":7,"253":7,"256":6,"259":6,"260":5,"262":4,"264":4,"271":2,"272":1,"275":2,"276":1,"279":2,"282":0,"283":0,"285":0,"286":0,"289":0,"290":0,"292":0,"293":0,"296":0,"298":0,"312":9,"316":9,"318":9,"319":9,"321":9,"324":9,"325":9,"327":9,"339":2,"341":2,"342":2,"345":2,"346":2,"348":2,"350":2,"362":3,"364":3,"365":2,"368":3,"369":3,"371":3,"373":3,"385":2,"387":2,"388":2,"391":2,"393":2,"394":0,"395":0,"399":2,"400":2,"404":2,"406":2},"path":"/home/rlassman/web3/security-audit/artdao/contracts/art_commission.sol","s":{"1":21,"2":20,"3":19,"4":18,"5":17,"6":16,"7":15,"8":22,"9":7,"10":87,"11":7,"12":0,"13":0,"14":0,"15":26,"16":26,"17":25,"18":1,"19":25,"20":49,"21":48,"22":25,"23":47,"24":25,"25":46,"26":46,"27":21,"28":21,"29":21,"30":20,"31":19,"32":7,"33":7,"34":6,"35":6,"36":5,"37":4,"38":2,"39":2,"40":2,"41":0,"42":0,"43":0,"44":0,"45":0,"46":0,"47":0,"48":0,"49":0,"50":0,"51":9,"52":9,"53":9,"54":9,"55":9,"56":2,"57":2,"58":2,"59":2,"60":2,"61":2,"62":3,"63":3,"64":2,"65":3,"66":3,"67":3,"68":2,"69":2,"70":2,"71":2,"72":2,"73":0,"74":0,"75":2,"76":2,"77":2},"b":{"1":[20,1],"2":[18,2],"3":[19,1],"4":[18,1],"5":[17,1],"6":[16,1],"7":[15,1],"8":[14,1],"9":[21,1],"10":[7,0],"11":[86,1],"12":[38,48],"13":[7,0],"14":[0,0],"15":[0,0],"16":[26,1],"17":[26,0],"18":[25,1],"19":[24,1],"20":[1,0],"21":[49,0],"22":[48,1],"23":[25,23],"24":[24,1],"25":[25,22],"26":[24,1],"27":[23,23],"28":[21,1],"29":[21,0],"30":[20,1],"31":[7,0],"32":[7,0],"33":[6,1],"34":[2,0],"35":[1,1],"36":[1,1],"37":[0,2],"38":[0,0],"39":[0,0],"40":[9,0],"41":[9,0],"42":[0,9],"43":[9,0],"44":[9,0],"45":[2,0],"46":[2,0],"47":[2,0],"48":[3,0],"49":[3,0],"50":[2,1],"51":[2,0],"52":[2,0],"53":[2,0],"54":[0,2],"55":[2,0]},"f":{"1":21,"2":22,"3":7,"4":87,"5":7,"6":0,"7":26,"8":49,"9":21,"10":7,"11":2,"12":9,"13":2,"14":3,"15":2},"fnMap":{"1":{"name":"constructor","line":105,"loc":{"start":{"line":105,"column":4},"end":{"line":136,"column":4}}},"2":{"name":"onlyArtist","line":142,"loc":{"start":{"line":142,"column":4},"end":{"line":145,"column":4}}},"3":{"name":"onlyBuyer","line":147,"loc":{"start":{"line":147,"column":4},"end":{"line":150,"column":4}}},"4":{"name":"onlyParties","line":152,"loc":{"start":{"line":152,"column":4},"end":{"line":155,"column":4}}},"5":{"name":"onlyDAO","line":157,"loc":{"start":{"line":157,"column":4},"end":{"line":160,"column":4}}},"6":{"name":"onERC721Received","line":170,"loc":{"start":{"line":170,"column":4},"end":{"line":174,"column":4}}},"7":{"name":"contractConfirm","line":183,"loc":{"start":{"line":183,"column":4},"end":{"line":196,"column":4}}},"8":{"name":"fund","line":207,"loc":{"start":{"line":207,"column":4},"end":{"line":225,"column":4}}},"9":{"name":"acceptArt","line":230,"loc":{"start":{"line":230,"column":4},"end":{"line":245,"column":4}}},"10":{"name":"payInFullAndRelease","line":251,"loc":{"start":{"line":251,"column":4},"end":{"line":265,"column":4}}},"11":{"name":"goodFaithRelease","line":270,"loc":{"start":{"line":270,"column":4},"end":{"line":299,"column":4}}},"12":{"name":"raiseDispute","line":311,"loc":{"start":{"line":311,"column":4},"end":{"line":328,"column":4}}},"13":{"name":"artistWins","line":338,"loc":{"start":{"line":338,"column":4},"end":{"line":351,"column":4}}},"14":{"name":"buyerWins","line":361,"loc":{"start":{"line":361,"column":4},"end":{"line":374,"column":4}}},"15":{"name":"neitherWins","line":384,"loc":{"start":{"line":384,"column":4},"end":{"line":407,"column":4}}}},"statementMap":{"1":{"start":{"line":108,"column":8},"end":{"line":108,"column":101}},"2":{"start":{"line":109,"column":8},"end":{"line":109,"column":53}},"3":{"start":{"line":110,"column":8},"end":{"line":110,"column":55}},"4":{"start":{"line":111,"column":8},"end":{"line":111,"column":49}},"5":{"start":{"line":114,"column":8},"end":{"line":114,"column":73}},"6":{"start":{"line":115,"column":8},"end":{"line":115,"column":71}},"7":{"start":{"line":131,"column":8},"end":{"line":131,"column":4275}},"8":{"start":{"line":143,"column":8},"end":{"line":143,"column":50}},"9":{"start":{"line":148,"column":8},"end":{"line":148,"column":48}},"10":{"start":{"line":153,"column":8},"end":{"line":153,"column":81}},"11":{"start":{"line":158,"column":8},"end":{"line":158,"column":53}},"12":{"start":{"line":171,"column":8},"end":{"line":171,"column":59}},"13":{"start":{"line":172,"column":8},"end":{"line":172,"column":93}},"14":{"start":{"line":173,"column":8},"end":{"line":173,"column":45}},"15":{"start":{"line":184,"column":8},"end":{"line":184,"column":106}},"16":{"start":{"line":186,"column":8},"end":{"line":186,"column":6130}},"17":{"start":{"line":187,"column":12},"end":{"line":187,"column":83}},"18":{"start":{"line":189,"column":12},"end":{"line":189,"column":81}},"19":{"start":{"line":193,"column":8},"end":{"line":193,"column":42}},"20":{"start":{"line":208,"column":8},"end":{"line":208,"column":94}},"21":{"start":{"line":210,"column":8},"end":{"line":210,"column":6873}},"22":{"start":{"line":211,"column":12},"end":{"line":211,"column":76}},"23":{"start":{"line":214,"column":8},"end":{"line":214,"column":6999}},"24":{"start":{"line":215,"column":12},"end":{"line":215,"column":94}},"25":{"start":{"line":220,"column":8},"end":{"line":220,"column":7252}},"26":{"start":{"line":224,"column":8},"end":{"line":224,"column":42}},"27":{"start":{"line":231,"column":8},"end":{"line":231,"column":88}},"28":{"start":{"line":233,"column":8},"end":{"line":233,"column":39}},"29":{"start":{"line":234,"column":8},"end":{"line":234,"column":89}},"30":{"start":{"line":237,"column":8},"end":{"line":237,"column":68}},"31":{"start":{"line":244,"column":8},"end":{"line":244,"column":43}},"32":{"start":{"line":252,"column":8},"end":{"line":252,"column":72}},"33":{"start":{"line":253,"column":8},"end":{"line":253,"column":80}},"34":{"start":{"line":256,"column":8},"end":{"line":256,"column":65}},"35":{"start":{"line":259,"column":8},"end":{"line":259,"column":81}},"36":{"start":{"line":260,"column":8},"end":{"line":260,"column":49}},"37":{"start":{"line":264,"column":8},"end":{"line":264,"column":49}},"38":{"start":{"line":271,"column":8},"end":{"line":271,"column":8993}},"39":{"start":{"line":275,"column":8},"end":{"line":275,"column":9075}},"40":{"start":{"line":279,"column":8},"end":{"line":279,"column":109}},"41":{"start":{"line":282,"column":8},"end":{"line":282,"column":9302}},"42":{"start":{"line":283,"column":12},"end":{"line":283,"column":50}},"43":{"start":{"line":285,"column":12},"end":{"line":285,"column":54}},"44":{"start":{"line":286,"column":12},"end":{"line":286,"column":53}},"45":{"start":{"line":288,"column":15},"end":{"line":288,"column":9569}},"46":{"start":{"line":289,"column":12},"end":{"line":289,"column":65}},"47":{"start":{"line":290,"column":12},"end":{"line":290,"column":51}},"48":{"start":{"line":292,"column":12},"end":{"line":292,"column":54}},"49":{"start":{"line":293,"column":12},"end":{"line":293,"column":53}},"50":{"start":{"line":298,"column":8},"end":{"line":298,"column":33}},"51":{"start":{"line":312,"column":8},"end":{"line":312,"column":10482}},"52":{"start":{"line":316,"column":8},"end":{"line":316,"column":57}},"53":{"start":{"line":318,"column":8},"end":{"line":318,"column":69}},"54":{"start":{"line":319,"column":8},"end":{"line":319,"column":108}},"55":{"start":{"line":327,"column":8},"end":{"line":327,"column":37}},"56":{"start":{"line":339,"column":8},"end":{"line":339,"column":101}},"57":{"start":{"line":341,"column":8},"end":{"line":341,"column":11622}},"58":{"start":{"line":342,"column":12},"end":{"line":342,"column":65}},"59":{"start":{"line":345,"column":8},"end":{"line":345,"column":52}},"60":{"start":{"line":346,"column":8},"end":{"line":346,"column":49}},"61":{"start":{"line":350,"column":8},"end":{"line":350,"column":36}},"62":{"start":{"line":362,"column":8},"end":{"line":362,"column":101}},"63":{"start":{"line":364,"column":8},"end":{"line":364,"column":12339}},"64":{"start":{"line":365,"column":12},"end":{"line":365,"column":64}},"65":{"start":{"line":368,"column":8},"end":{"line":368,"column":51}},"66":{"start":{"line":369,"column":8},"end":{"line":369,"column":49}},"67":{"start":{"line":373,"column":8},"end":{"line":373,"column":35}},"68":{"start":{"line":385,"column":8},"end":{"line":385,"column":101}},"69":{"start":{"line":387,"column":8},"end":{"line":387,"column":13043}},"70":{"start":{"line":388,"column":12},"end":{"line":388,"column":65}},"71":{"start":{"line":391,"column":8},"end":{"line":391,"column":43}},"72":{"start":{"line":393,"column":8},"end":{"line":393,"column":13285}},"73":{"start":{"line":394,"column":12},"end":{"line":394,"column":45}},"74":{"start":{"line":395,"column":12},"end":{"line":395,"column":49}},"75":{"start":{"line":399,"column":12},"end":{"line":399,"column":13629}},"76":{"start":{"line":400,"column":16},"end":{"line":400,"column":53}},"77":{"start":{"line":406,"column":8},"end":{"line":406,"column":37}}},"branchMap":{"1":{"line":108,"type":"if","locations":[{"start":{"line":108,"column":8},"end":{"line":108,"column":8}},{"start":{"line":108,"column":8},"end":{"line":108,"column":8}}]},"2":{"line":108,"type":"cond-expr","locations":[{"start":{"line":108,"column":16},"end":{"line":108,"column":35}},{"start":{"line":108,"column":40},"end":{"line":108,"column":60}}]},"3":{"line":109,"type":"if","locations":[{"start":{"line":109,"column":8},"end":{"line":109,"column":8}},{"start":{"line":109,"column":8},"end":{"line":109,"column":8}}]},"4":{"line":110,"type":"if","locations":[{"start":{"line":110,"column":8},"end":{"line":110,"column":8}},{"start":{"line":110,"column":8},"end":{"line":110,"column":8}}]},"5":{"line":111,"type":"if","locations":[{"start":{"line":111,"column":8},"end":{"line":111,"column":8}},{"start":{"line":111,"column":8},"end":{"line":111,"column":8}}]},"6":{"line":114,"type":"if","locations":[{"start":{"line":114,"column":8},"end":{"line":114,"column":8}},{"start":{"line":114,"column":8},"end":{"line":114,"column":8}}]},"7":{"line":115,"type":"if","locations":[{"start":{"line":115,"column":8},"end":{"line":115,"column":8}},{"start":{"line":115,"column":8},"end":{"line":115,"column":8}}]},"8":{"line":131,"type":"if","locations":[{"start":{"line":131,"column":8},"end":{"line":131,"column":8}},{"start":{"line":131,"column":8},"end":{"line":131,"column":8}}]},"9":{"line":143,"type":"if","locations":[{"start":{"line":143,"column":8},"end":{"line":143,"column":8}},{"start":{"line":143,"column":8},"end":{"line":143,"column":8}}]},"10":{"line":148,"type":"if","locations":[{"start":{"line":148,"column":8},"end":{"line":148,"column":8}},{"start":{"line":148,"column":8},"end":{"line":148,"column":8}}]},"11":{"line":153,"type":"if","locations":[{"start":{"line":153,"column":8},"end":{"line":153,"column":8}},{"start":{"line":153,"column":8},"end":{"line":153,"column":8}}]},"12":{"line":153,"type":"cond-expr","locations":[{"start":{"line":153,"column":16},"end":{"line":153,"column":34}},{"start":{"line":153,"column":39},"end":{"line":153,"column":58}}]},"13":{"line":158,"type":"if","locations":[{"start":{"line":158,"column":8},"end":{"line":158,"column":8}},{"start":{"line":158,"column":8},"end":{"line":158,"column":8}}]},"14":{"line":171,"type":"if","locations":[{"start":{"line":171,"column":8},"end":{"line":171,"column":8}},{"start":{"line":171,"column":8},"end":{"line":171,"column":8}}]},"15":{"line":172,"type":"if","locations":[{"start":{"line":172,"column":8},"end":{"line":172,"column":8}},{"start":{"line":172,"column":8},"end":{"line":172,"column":8}}]},"16":{"line":183,"type":"if","locations":[{"start":{"line":183,"column":40},"end":{"line":183,"column":40}},{"start":{"line":183,"column":40},"end":{"line":183,"column":40}}]},"17":{"line":184,"type":"if","locations":[{"start":{"line":184,"column":8},"end":{"line":184,"column":8}},{"start":{"line":184,"column":8},"end":{"line":184,"column":8}}]},"18":{"line":186,"type":"if","locations":[{"start":{"line":186,"column":8},"end":{"line":186,"column":8}},{"start":{"line":186,"column":8},"end":{"line":186,"column":8}}]},"19":{"line":187,"type":"if","locations":[{"start":{"line":187,"column":12},"end":{"line":187,"column":12}},{"start":{"line":187,"column":12},"end":{"line":187,"column":12}}]},"20":{"line":189,"type":"if","locations":[{"start":{"line":189,"column":12},"end":{"line":189,"column":12}},{"start":{"line":189,"column":12},"end":{"line":189,"column":12}}]},"21":{"line":207,"type":"if","locations":[{"start":{"line":207,"column":27},"end":{"line":207,"column":27}},{"start":{"line":207,"column":27},"end":{"line":207,"column":27}}]},"22":{"line":208,"type":"if","locations":[{"start":{"line":208,"column":8},"end":{"line":208,"column":8}},{"start":{"line":208,"column":8},"end":{"line":208,"column":8}}]},"23":{"line":210,"type":"if","locations":[{"start":{"line":210,"column":8},"end":{"line":210,"column":8}},{"start":{"line":210,"column":8},"end":{"line":210,"column":8}}]},"24":{"line":211,"type":"if","locations":[{"start":{"line":211,"column":12},"end":{"line":211,"column":12}},{"start":{"line":211,"column":12},"end":{"line":211,"column":12}}]},"25":{"line":214,"type":"if","locations":[{"start":{"line":214,"column":8},"end":{"line":214,"column":8}},{"start":{"line":214,"column":8},"end":{"line":214,"column":8}}]},"26":{"line":215,"type":"if","locations":[{"start":{"line":215,"column":12},"end":{"line":215,"column":12}},{"start":{"line":215,"column":12},"end":{"line":215,"column":12}}]},"27":{"line":220,"type":"if","locations":[{"start":{"line":220,"column":8},"end":{"line":220,"column":8}},{"start":{"line":220,"column":8},"end":{"line":220,"column":8}}]},"28":{"line":230,"type":"if","locations":[{"start":{"line":230,"column":62},"end":{"line":230,"column":62}},{"start":{"line":230,"column":62},"end":{"line":230,"column":62}}]},"29":{"line":231,"type":"if","locations":[{"start":{"line":231,"column":8},"end":{"line":231,"column":8}},{"start":{"line":231,"column":8},"end":{"line":231,"column":8}}]},"30":{"line":234,"type":"if","locations":[{"start":{"line":234,"column":8},"end":{"line":234,"column":8}},{"start":{"line":234,"column":8},"end":{"line":234,"column":8}}]},"31":{"line":251,"type":"if","locations":[{"start":{"line":251,"column":44},"end":{"line":251,"column":44}},{"start":{"line":251,"column":44},"end":{"line":251,"column":44}}]},"32":{"line":252,"type":"if","locations":[{"start":{"line":252,"column":8},"end":{"line":252,"column":8}},{"start":{"line":252,"column":8},"end":{"line":252,"column":8}}]},"33":{"line":253,"type":"if","locations":[{"start":{"line":253,"column":8},"end":{"line":253,"column":8}},{"start":{"line":253,"column":8},"end":{"line":253,"column":8}}]},"34":{"line":270,"type":"if","locations":[{"start":{"line":270,"column":39},"end":{"line":270,"column":39}},{"start":{"line":270,"column":39},"end":{"line":270,"column":39}}]},"35":{"line":271,"type":"if","locations":[{"start":{"line":271,"column":8},"end":{"line":271,"column":8}},{"start":{"line":271,"column":8},"end":{"line":271,"column":8}}]},"36":{"line":275,"type":"if","locations":[{"start":{"line":275,"column":8},"end":{"line":275,"column":8}},{"start":{"line":275,"column":8},"end":{"line":275,"column":8}}]},"37":{"line":279,"type":"if","locations":[{"start":{"line":279,"column":8},"end":{"line":279,"column":8}},{"start":{"line":279,"column":8},"end":{"line":279,"column":8}}]},"38":{"line":282,"type":"if","locations":[{"start":{"line":282,"column":8},"end":{"line":282,"column":8}},{"start":{"line":282,"column":8},"end":{"line":282,"column":8}}]},"39":{"line":288,"type":"if","locations":[{"start":{"line":288,"column":15},"end":{"line":288,"column":15}},{"start":{"line":288,"column":15},"end":{"line":288,"column":15}}]},"40":{"line":311,"type":"if","locations":[{"start":{"line":311,"column":78},"end":{"line":311,"column":78}},{"start":{"line":311,"column":78},"end":{"line":311,"column":78}}]},"41":{"line":312,"type":"if","locations":[{"start":{"line":312,"column":8},"end":{"line":312,"column":8}},{"start":{"line":312,"column":8},"end":{"line":312,"column":8}}]},"42":{"line":313,"type":"cond-expr","locations":[{"start":{"line":313,"column":12},"end":{"line":313,"column":35}},{"start":{"line":313,"column":40},"end":{"line":313,"column":70}}]},"43":{"line":316,"type":"if","locations":[{"start":{"line":316,"column":8},"end":{"line":316,"column":8}},{"start":{"line":316,"column":8},"end":{"line":316,"column":8}}]},"44":{"line":319,"type":"if","locations":[{"start":{"line":319,"column":8},"end":{"line":319,"column":8}},{"start":{"line":319,"column":8},"end":{"line":319,"column":8}}]},"45":{"line":338,"type":"if","locations":[{"start":{"line":338,"column":33},"end":{"line":338,"column":33}},{"start":{"line":338,"column":33},"end":{"line":338,"column":33}}]},"46":{"line":339,"type":"if","locations":[{"start":{"line":339,"column":8},"end":{"line":339,"column":8}},{"start":{"line":339,"column":8},"end":{"line":339,"column":8}}]},"47":{"line":341,"type":"if","locations":[{"start":{"line":341,"column":8},"end":{"line":341,"column":8}},{"start":{"line":341,"column":8},"end":{"line":341,"column":8}}]},"48":{"line":361,"type":"if","locations":[{"start":{"line":361,"column":32},"end":{"line":361,"column":32}},{"start":{"line":361,"column":32},"end":{"line":361,"column":32}}]},"49":{"line":362,"type":"if","locations":[{"start":{"line":362,"column":8},"end":{"line":362,"column":8}},{"start":{"line":362,"column":8},"end":{"line":362,"column":8}}]},"50":{"line":364,"type":"if","locations":[{"start":{"line":364,"column":8},"end":{"line":364,"column":8}},{"start":{"line":364,"column":8},"end":{"line":364,"column":8}}]},"51":{"line":384,"type":"if","locations":[{"start":{"line":384,"column":34},"end":{"line":384,"column":34}},{"start":{"line":384,"column":34},"end":{"line":384,"column":34}}]},"52":{"line":385,"type":"if","locations":[{"start":{"line":385,"column":8},"end":{"line":385,"column":8}},{"start":{"line":385,"column":8},"end":{"line":385,"column":8}}]},"53":{"line":387,"type":"if","locations":[{"start":{"line":387,"column":8},"end":{"line":387,"column":8}},{"start":{"line":387,"column":8},"end":{"line":387,"column":8}}]},"54":{"line":393,"type":"if","locations":[{"start":{"line":393,"column":8},"end":{"line":393,"column":8}},{"start":{"line":393,"column":8},"end":{"line":393,"column":8}}]},"55":{"line":399,"type":"if","locations":[{"start":{"line":399,"column":12},"end":{"line":399,"column":12}},{"start":{"line":399,"column":12},"end":{"line":399,"column":12}}]}}},"contracts/art_dao.sol":{"l":{"166":13,"167":13,"168":13,"169":13,"171":13,"182":28,"184":28,"185":28,"187":28,"189":28,"191":28,"192":28,"199":28,"201":28,"202":28,"203":28,"204":28,"205":28,"206":28,"207":28,"209":28,"216":37,"218":37,"219":37,"220":37,"221":37,"224":37,"225":9,"228":37,"229":37,"231":37,"238":28,"240":28,"241":28,"243":28,"245":28,"246":28,"247":28,"249":0,"257":0,"258":0,"260":0,"267":0,"274":0,"281":0,"298":9,"299":9,"300":9,"301":9,"303":9,"304":9,"306":9,"307":9,"308":9,"309":9,"310":9,"311":9,"312":9,"314":9,"316":9,"337":9,"339":9,"340":9,"341":9,"342":9,"344":9,"345":9,"347":9,"354":9,"355":8,"357":8,"359":8,"361":24,"373":24,"374":24,"376":24,"377":50,"379":43,"380":43,"381":24,"382":24,"386":24,"388":24,"389":24,"391":24,"392":24,"394":24,"397":8,"398":8,"399":8,"406":21,"408":21,"409":21,"410":21,"411":21,"412":21,"413":21,"414":21,"416":21,"417":21,"419":21,"420":21,"422":21,"423":6,"425":9,"427":6,"430":21,"441":7,"443":7,"444":7,"445":7,"446":7,"451":7,"453":7,"454":7,"456":7,"457":2,"459":3,"461":2,"464":7,"465":21,"466":21,"467":21,"471":7,"482":8,"497":0,"498":0,"509":0,"510":0,"518":0,"529":69,"530":41,"531":41,"541":56,"542":28,"543":28,"544":28,"546":28,"549":56,"550":56,"551":56,"573":9,"574":9,"576":9,"577":37,"578":37,"580":37,"586":28,"587":28,"588":28,"589":28,"598":21,"600":21,"601":42,"602":21,"605":0,"612":0,"614":0,"615":0,"616":0,"619":0,"629":7,"631":7,"632":7,"633":7,"634":7,"636":7,"637":0,"640":7,"642":7,"643":2,"646":5,"647":3,"650":2,"651":2,"654":0,"658":0,"659":0,"660":0,"662":0,"663":0,"665":0,"666":0,"667":0,"668":0,"669":0,"670":0,"671":0,"672":0,"674":0,"675":0,"679":0,"680":0,"681":0,"682":0,"684":0,"685":0,"686":0,"688":0,"690":0,"691":0,"693":0,"696":0,"700":0,"701":0,"702":0,"703":0,"705":0,"706":0,"708":0,"709":0,"711":0,"712":0,"714":0,"728":0,"729":0,"731":0,"732":0,"733":0,"734":0,"735":0,"736":0,"737":0,"738":0,"739":0},"path":"/home/rlassman/web3/security-audit/artdao/contracts/art_dao.sol","s":{"1":13,"2":28,"3":28,"4":28,"5":28,"6":28,"7":28,"8":28,"9":28,"10":37,"11":37,"12":37,"13":37,"14":37,"15":37,"16":9,"17":37,"18":28,"19":28,"20":28,"21":28,"22":28,"23":28,"24":0,"25":0,"26":0,"27":0,"28":0,"29":0,"30":0,"31":9,"32":9,"33":9,"34":9,"35":9,"36":9,"37":9,"38":9,"39":9,"40":9,"41":9,"42":9,"43":9,"44":9,"45":9,"46":8,"47":8,"48":8,"49":24,"50":24,"51":24,"52":24,"53":50,"54":43,"55":24,"56":24,"57":24,"58":21,"59":21,"60":21,"61":21,"62":21,"63":21,"64":21,"65":21,"66":21,"67":21,"68":21,"69":15,"70":6,"71":21,"72":7,"73":7,"74":7,"75":7,"76":7,"77":7,"78":7,"79":2,"80":5,"81":3,"82":2,"83":7,"84":21,"85":21,"86":21,"87":7,"88":8,"89":0,"90":0,"91":0,"92":0,"93":0,"94":69,"95":41,"96":56,"97":28,"98":28,"99":56,"100":9,"101":37,"102":37,"103":37,"104":21,"105":21,"106":42,"107":21,"108":0,"109":0,"110":0,"111":0,"112":0,"113":0,"114":7,"115":7,"116":7,"117":7,"118":7,"119":7,"120":0,"121":7,"122":7,"123":2,"124":5,"125":3,"126":2,"127":2,"128":0,"129":0,"130":0,"131":0,"132":0,"133":0,"134":0,"135":0,"136":0,"137":0,"138":0,"139":0,"140":0,"141":0,"142":0,"143":0,"144":0,"145":0,"146":0,"147":0,"148":0,"149":0,"150":0,"151":0,"152":0,"153":0,"154":0,"155":0,"156":0},"b":{"1":[28,0],"2":[28,0],"3":[37,0],"4":[37,0],"5":[37,0],"6":[37,0],"7":[9,28],"8":[28,0],"9":[28,0],"10":[28,0],"11":[0,0],"12":[0,0],"13":[9,0],"14":[9,0],"15":[9,0],"16":[9,0],"17":[9,0],"18":[9,0],"19":[9,0],"20":[9,0],"21":[8,1],"22":[8,0],"23":[7,43],"24":[24,19],"25":[24,0],"26":[21,0],"27":[21,0],"28":[21,0],"29":[21,0],"30":[21,0],"31":[21,0],"32":[21,0],"33":[21,0],"34":[6,15],"35":[9,6],"36":[6,0],"37":[7,0],"38":[7,0],"39":[7,0],"40":[7,0],"41":[7,0],"42":[2,5],"43":[3,2],"44":[21,0],"45":[41,28],"46":[28,28],"47":[28,0],"48":[28,0],"49":[28,9],"50":[21,21],"51":[0,0],"52":[0,7],"53":[2,5],"54":[3,2],"55":[2,0],"56":[0,0],"57":[0,0],"58":[0,0],"59":[0,0],"60":[0,0],"61":[0,0],"62":[0,0],"63":[0,0],"64":[0,0],"65":[0,0],"66":[0,0],"67":[0,0],"68":[0,0],"69":[0,0],"70":[0,0]},"f":{"1":13,"2":28,"3":28,"4":37,"5":28,"6":0,"7":0,"8":0,"9":0,"10":9,"11":9,"12":21,"13":7,"14":8,"15":0,"16":0,"17":0,"18":69,"19":56,"20":9,"21":21,"22":0,"23":7,"24":0,"25":0,"26":0,"27":0},"fnMap":{"1":{"name":"constructor","line":165,"loc":{"start":{"line":165,"column":4},"end":{"line":172,"column":4}}},"2":{"name":"mint","line":181,"loc":{"start":{"line":181,"column":4},"end":{"line":193,"column":4}}},"3":{"name":"_startAuction","line":198,"loc":{"start":{"line":198,"column":4},"end":{"line":210,"column":4}}},"4":{"name":"bid","line":215,"loc":{"start":{"line":215,"column":4},"end":{"line":232,"column":4}}},"5":{"name":"settleAuction","line":237,"loc":{"start":{"line":237,"column":4},"end":{"line":251,"column":4}}},"6":{"name":"transfer","line":256,"loc":{"start":{"line":256,"column":4},"end":{"line":261,"column":4}}},"7":{"name":"balanceOf","line":266,"loc":{"start":{"line":266,"column":4},"end":{"line":268,"column":4}}},"8":{"name":"ownerOf","line":273,"loc":{"start":{"line":273,"column":4},"end":{"line":275,"column":4}}},"9":{"name":"treasuryBalance","line":280,"loc":{"start":{"line":280,"column":4},"end":{"line":282,"column":4}}},"10":{"name":"createDisputeCase","line":293,"loc":{"start":{"line":293,"column":4},"end":{"line":317,"column":4}}},"11":{"name":"selectJurors","line":336,"loc":{"start":{"line":336,"column":4},"end":{"line":400,"column":4}}},"12":{"name":"vote","line":405,"loc":{"start":{"line":405,"column":4},"end":{"line":431,"column":4}}},"13":{"name":"resolveDispute","line":440,"loc":{"start":{"line":440,"column":4},"end":{"line":472,"column":4}}},"14":{"name":"getJurors","line":481,"loc":{"start":{"line":481,"column":4},"end":{"line":483,"column":4}}},"15":{"name":"getVoteCounts","line":488,"loc":{"start":{"line":488,"column":4},"end":{"line":499,"column":4}}},"16":{"name":"getJurorVote","line":504,"loc":{"start":{"line":504,"column":4},"end":{"line":511,"column":4}}},"17":{"name":"getAllHolders","line":517,"loc":{"start":{"line":517,"column":4},"end":{"line":519,"column":4}}},"18":{"name":"_addHolderIfNeeded","line":528,"loc":{"start":{"line":528,"column":4},"end":{"line":533,"column":4}}},"19":{"name":"_moveToken","line":540,"loc":{"start":{"line":540,"column":4},"end":{"line":552,"column":4}}},"20":{"name":"_getEligibleCandidates","line":563,"loc":{"start":{"line":563,"column":4},"end":{"line":592,"column":4}}},"21":{"name":"_isJuror","line":597,"loc":{"start":{"line":597,"column":4},"end":{"line":606,"column":4}}},"22":{"name":"_allJurorsVoted","line":611,"loc":{"start":{"line":611,"column":4},"end":{"line":620,"column":4}}},"23":{"name":"_calculateOutcome","line":628,"loc":{"start":{"line":628,"column":4},"end":{"line":655,"column":4}}},"24":{"name":"createProposal","line":657,"loc":{"start":{"line":657,"column":4},"end":{"line":676,"column":4}}},"25":{"name":"voteProposal","line":678,"loc":{"start":{"line":678,"column":4},"end":{"line":697,"column":4}}},"26":{"name":"executeProposal","line":699,"loc":{"start":{"line":699,"column":4},"end":{"line":715,"column":4}}},"27":{"name":"getProposal","line":717,"loc":{"start":{"line":717,"column":4},"end":{"line":740,"column":4}}}},"statementMap":{"1":{"start":{"line":171,"column":8},"end":{"line":171,"column":40}},"2":{"start":{"line":182,"column":8},"end":{"line":182,"column":92}},"3":{"start":{"line":184,"column":8},"end":{"line":184,"column":37}},"4":{"start":{"line":187,"column":8},"end":{"line":187,"column":53}},"5":{"start":{"line":191,"column":8},"end":{"line":191,"column":43}},"6":{"start":{"line":192,"column":8},"end":{"line":192,"column":29}},"7":{"start":{"line":199,"column":8},"end":{"line":199,"column":83}},"8":{"start":{"line":201,"column":8},"end":{"line":201,"column":51}},"9":{"start":{"line":209,"column":8},"end":{"line":209,"column":72}},"10":{"start":{"line":216,"column":8},"end":{"line":216,"column":51}},"11":{"start":{"line":218,"column":8},"end":{"line":218,"column":75}},"12":{"start":{"line":219,"column":8},"end":{"line":219,"column":67}},"13":{"start":{"line":220,"column":8},"end":{"line":220,"column":59}},"14":{"start":{"line":221,"column":8},"end":{"line":221,"column":61}},"15":{"start":{"line":224,"column":8},"end":{"line":224,"column":7029}},"16":{"start":{"line":225,"column":12},"end":{"line":225,"column":70}},"17":{"start":{"line":231,"column":8},"end":{"line":231,"column":54}},"18":{"start":{"line":238,"column":8},"end":{"line":238,"column":51}},"19":{"start":{"line":240,"column":8},"end":{"line":240,"column":74}},"20":{"start":{"line":241,"column":8},"end":{"line":241,"column":59}},"21":{"start":{"line":245,"column":8},"end":{"line":245,"column":7655}},"22":{"start":{"line":246,"column":12},"end":{"line":246,"column":68}},"23":{"start":{"line":247,"column":12},"end":{"line":247,"column":83}},"24":{"start":{"line":249,"column":12},"end":{"line":249,"column":55}},"25":{"start":{"line":257,"column":8},"end":{"line":257,"column":62}},"26":{"start":{"line":258,"column":8},"end":{"line":258,"column":53}},"27":{"start":{"line":260,"column":8},"end":{"line":260,"column":42}},"28":{"start":{"line":267,"column":8},"end":{"line":267,"column":35}},"29":{"start":{"line":274,"column":8},"end":{"line":274,"column":34}},"30":{"start":{"line":281,"column":8},"end":{"line":281,"column":36}},"31":{"start":{"line":298,"column":8},"end":{"line":298,"column":62}},"32":{"start":{"line":299,"column":8},"end":{"line":299,"column":55}},"33":{"start":{"line":300,"column":8},"end":{"line":300,"column":65}},"34":{"start":{"line":301,"column":8},"end":{"line":301,"column":96}},"35":{"start":{"line":306,"column":8},"end":{"line":306,"column":51}},"36":{"start":{"line":316,"column":8},"end":{"line":316,"column":61}},"37":{"start":{"line":337,"column":8},"end":{"line":337,"column":51}},"38":{"start":{"line":339,"column":8},"end":{"line":339,"column":68}},"39":{"start":{"line":340,"column":8},"end":{"line":340,"column":58}},"40":{"start":{"line":341,"column":8},"end":{"line":341,"column":55}},"41":{"start":{"line":342,"column":8},"end":{"line":342,"column":65}},"42":{"start":{"line":344,"column":8},"end":{"line":344,"column":66}},"43":{"start":{"line":345,"column":8},"end":{"line":345,"column":64}},"44":{"start":{"line":347,"column":8},"end":{"line":347,"column":11160}},"45":{"start":{"line":354,"column":8},"end":{"line":354,"column":76}},"46":{"start":{"line":355,"column":8},"end":{"line":355,"column":54}},"47":{"start":{"line":357,"column":8},"end":{"line":357,"column":57}},"48":{"start":{"line":359,"column":8},"end":{"line":359,"column":11525}},"49":{"start":{"line":361,"column":12},"end":{"line":361,"column":11667}},"50":{"start":{"line":373,"column":12},"end":{"line":373,"column":37}},"51":{"start":{"line":374,"column":12},"end":{"line":374,"column":53}},"52":{"start":{"line":376,"column":12},"end":{"line":376,"column":12099}},"53":{"start":{"line":377,"column":16},"end":{"line":377,"column":39}},"54":{"start":{"line":380,"column":16},"end":{"line":380,"column":12253}},"55":{"start":{"line":386,"column":12},"end":{"line":386,"column":80}},"56":{"start":{"line":391,"column":12},"end":{"line":391,"column":51}},"57":{"start":{"line":394,"column":12},"end":{"line":394,"column":68}},"58":{"start":{"line":406,"column":8},"end":{"line":406,"column":51}},"59":{"start":{"line":408,"column":8},"end":{"line":408,"column":68}},"60":{"start":{"line":409,"column":8},"end":{"line":409,"column":53}},"61":{"start":{"line":410,"column":8},"end":{"line":410,"column":55}},"62":{"start":{"line":411,"column":8},"end":{"line":411,"column":62}},"63":{"start":{"line":412,"column":8},"end":{"line":412,"column":57}},"64":{"start":{"line":413,"column":8},"end":{"line":413,"column":69}},"65":{"start":{"line":414,"column":8},"end":{"line":414,"column":67}},"66":{"start":{"line":416,"column":8},"end":{"line":416,"column":55}},"67":{"start":{"line":417,"column":8},"end":{"line":417,"column":50}},"68":{"start":{"line":422,"column":8},"end":{"line":422,"column":13732}},"69":{"start":{"line":424,"column":15},"end":{"line":424,"column":13824}},"70":{"start":{"line":426,"column":15},"end":{"line":426,"column":13914}},"71":{"start":{"line":430,"column":8},"end":{"line":430,"column":52}},"72":{"start":{"line":441,"column":8},"end":{"line":441,"column":51}},"73":{"start":{"line":443,"column":8},"end":{"line":443,"column":68}},"74":{"start":{"line":444,"column":8},"end":{"line":444,"column":53}},"75":{"start":{"line":445,"column":8},"end":{"line":445,"column":47}},"76":{"start":{"line":446,"column":8},"end":{"line":446,"column":14521}},"77":{"start":{"line":451,"column":8},"end":{"line":451,"column":57}},"78":{"start":{"line":456,"column":8},"end":{"line":456,"column":14803}},"79":{"start":{"line":457,"column":12},"end":{"line":457,"column":52}},"80":{"start":{"line":458,"column":15},"end":{"line":458,"column":14909}},"81":{"start":{"line":459,"column":12},"end":{"line":459,"column":51}},"82":{"start":{"line":461,"column":12},"end":{"line":461,"column":53}},"83":{"start":{"line":464,"column":8},"end":{"line":464,"column":15090}},"84":{"start":{"line":465,"column":12},"end":{"line":465,"column":39}},"85":{"start":{"line":466,"column":12},"end":{"line":466,"column":15195}},"86":{"start":{"line":467,"column":16},"end":{"line":467,"column":51}},"87":{"start":{"line":471,"column":8},"end":{"line":471,"column":48}},"88":{"start":{"line":482,"column":8},"end":{"line":482,"column":41}},"89":{"start":{"line":497,"column":8},"end":{"line":497,"column":51}},"90":{"start":{"line":498,"column":8},"end":{"line":498,"column":60}},"91":{"start":{"line":509,"column":8},"end":{"line":509,"column":51}},"92":{"start":{"line":510,"column":8},"end":{"line":510,"column":62}},"93":{"start":{"line":518,"column":8},"end":{"line":518,"column":22}},"94":{"start":{"line":529,"column":8},"end":{"line":529,"column":17049}},"95":{"start":{"line":531,"column":12},"end":{"line":531,"column":31}},"96":{"start":{"line":541,"column":8},"end":{"line":541,"column":17384}},"97":{"start":{"line":542,"column":12},"end":{"line":542,"column":66}},"98":{"start":{"line":543,"column":12},"end":{"line":543,"column":74}},"99":{"start":{"line":549,"column":8},"end":{"line":549,"column":29}},"100":{"start":{"line":576,"column":8},"end":{"line":576,"column":18417}},"101":{"start":{"line":577,"column":12},"end":{"line":577,"column":34}},"102":{"start":{"line":578,"column":12},"end":{"line":578,"column":42}},"103":{"start":{"line":580,"column":12},"end":{"line":580,"column":18561}},"104":{"start":{"line":598,"column":8},"end":{"line":598,"column":51}},"105":{"start":{"line":600,"column":8},"end":{"line":600,"column":19149}},"106":{"start":{"line":601,"column":12},"end":{"line":601,"column":19213}},"107":{"start":{"line":602,"column":16},"end":{"line":602,"column":27}},"108":{"start":{"line":605,"column":8},"end":{"line":605,"column":20}},"109":{"start":{"line":612,"column":8},"end":{"line":612,"column":51}},"110":{"start":{"line":614,"column":8},"end":{"line":614,"column":19542}},"111":{"start":{"line":615,"column":12},"end":{"line":615,"column":19606}},"112":{"start":{"line":616,"column":16},"end":{"line":616,"column":28}},"113":{"start":{"line":619,"column":8},"end":{"line":619,"column":19}},"114":{"start":{"line":629,"column":8},"end":{"line":629,"column":51}},"115":{"start":{"line":631,"column":8},"end":{"line":631,"column":33}},"116":{"start":{"line":632,"column":8},"end":{"line":632,"column":32}},"117":{"start":{"line":633,"column":8},"end":{"line":633,"column":34}},"118":{"start":{"line":634,"column":8},"end":{"line":634,"column":38}},"119":{"start":{"line":636,"column":8},"end":{"line":636,"column":20168}},"120":{"start":{"line":637,"column":12},"end":{"line":637,"column":37}},"121":{"start":{"line":640,"column":8},"end":{"line":640,"column":44}},"122":{"start":{"line":642,"column":8},"end":{"line":642,"column":20296}},"123":{"start":{"line":643,"column":12},"end":{"line":643,"column":36}},"124":{"start":{"line":646,"column":8},"end":{"line":646,"column":20369}},"125":{"start":{"line":647,"column":12},"end":{"line":647,"column":35}},"126":{"start":{"line":650,"column":8},"end":{"line":650,"column":20441}},"127":{"start":{"line":651,"column":12},"end":{"line":651,"column":37}},"128":{"start":{"line":654,"column":8},"end":{"line":654,"column":33}},"129":{"start":{"line":658,"column":8},"end":{"line":658,"column":65}},"130":{"start":{"line":659,"column":8},"end":{"line":659,"column":60}},"131":{"start":{"line":660,"column":8},"end":{"line":660,"column":53}},"132":{"start":{"line":662,"column":8},"end":{"line":662,"column":43}},"133":{"start":{"line":665,"column":8},"end":{"line":665,"column":50}},"134":{"start":{"line":674,"column":8},"end":{"line":674,"column":82}},"135":{"start":{"line":675,"column":8},"end":{"line":675,"column":25}},"136":{"start":{"line":679,"column":8},"end":{"line":679,"column":50}},"137":{"start":{"line":680,"column":8},"end":{"line":680,"column":66}},"138":{"start":{"line":681,"column":8},"end":{"line":681,"column":60}},"139":{"start":{"line":682,"column":8},"end":{"line":682,"column":56}},"140":{"start":{"line":684,"column":8},"end":{"line":684,"column":55}},"141":{"start":{"line":685,"column":8},"end":{"line":685,"column":50}},"142":{"start":{"line":686,"column":8},"end":{"line":686,"column":67}},"143":{"start":{"line":690,"column":8},"end":{"line":690,"column":21877}},"144":{"start":{"line":696,"column":8},"end":{"line":696,"column":72}},"145":{"start":{"line":700,"column":8},"end":{"line":700,"column":50}},"146":{"start":{"line":701,"column":8},"end":{"line":701,"column":66}},"147":{"start":{"line":702,"column":8},"end":{"line":702,"column":63}},"148":{"start":{"line":703,"column":8},"end":{"line":703,"column":56}},"149":{"start":{"line":705,"column":8},"end":{"line":705,"column":56}},"150":{"start":{"line":706,"column":8},"end":{"line":706,"column":47}},"151":{"start":{"line":708,"column":8},"end":{"line":708,"column":57}},"152":{"start":{"line":709,"column":8},"end":{"line":709,"column":63}},"153":{"start":{"line":712,"column":8},"end":{"line":712,"column":46}},"154":{"start":{"line":714,"column":8},"end":{"line":714,"column":41}},"155":{"start":{"line":728,"column":8},"end":{"line":728,"column":50}},"156":{"start":{"line":729,"column":8},"end":{"line":729,"column":66}}},"branchMap":{"1":{"line":182,"type":"if","locations":[{"start":{"line":182,"column":8},"end":{"line":182,"column":8}},{"start":{"line":182,"column":8},"end":{"line":182,"column":8}}]},"2":{"line":199,"type":"if","locations":[{"start":{"line":199,"column":8},"end":{"line":199,"column":8}},{"start":{"line":199,"column":8},"end":{"line":199,"column":8}}]},"3":{"line":218,"type":"if","locations":[{"start":{"line":218,"column":8},"end":{"line":218,"column":8}},{"start":{"line":218,"column":8},"end":{"line":218,"column":8}}]},"4":{"line":219,"type":"if","locations":[{"start":{"line":219,"column":8},"end":{"line":219,"column":8}},{"start":{"line":219,"column":8},"end":{"line":219,"column":8}}]},"5":{"line":220,"type":"if","locations":[{"start":{"line":220,"column":8},"end":{"line":220,"column":8}},{"start":{"line":220,"column":8},"end":{"line":220,"column":8}}]},"6":{"line":221,"type":"if","locations":[{"start":{"line":221,"column":8},"end":{"line":221,"column":8}},{"start":{"line":221,"column":8},"end":{"line":221,"column":8}}]},"7":{"line":224,"type":"if","locations":[{"start":{"line":224,"column":8},"end":{"line":224,"column":8}},{"start":{"line":224,"column":8},"end":{"line":224,"column":8}}]},"8":{"line":240,"type":"if","locations":[{"start":{"line":240,"column":8},"end":{"line":240,"column":8}},{"start":{"line":240,"column":8},"end":{"line":240,"column":8}}]},"9":{"line":241,"type":"if","locations":[{"start":{"line":241,"column":8},"end":{"line":241,"column":8}},{"start":{"line":241,"column":8},"end":{"line":241,"column":8}}]},"10":{"line":245,"type":"if","locations":[{"start":{"line":245,"column":8},"end":{"line":245,"column":8}},{"start":{"line":245,"column":8},"end":{"line":245,"column":8}}]},"11":{"line":257,"type":"if","locations":[{"start":{"line":257,"column":8},"end":{"line":257,"column":8}},{"start":{"line":257,"column":8},"end":{"line":257,"column":8}}]},"12":{"line":258,"type":"if","locations":[{"start":{"line":258,"column":8},"end":{"line":258,"column":8}},{"start":{"line":258,"column":8},"end":{"line":258,"column":8}}]},"13":{"line":298,"type":"if","locations":[{"start":{"line":298,"column":8},"end":{"line":298,"column":8}},{"start":{"line":298,"column":8},"end":{"line":298,"column":8}}]},"14":{"line":299,"type":"if","locations":[{"start":{"line":299,"column":8},"end":{"line":299,"column":8}},{"start":{"line":299,"column":8},"end":{"line":299,"column":8}}]},"15":{"line":300,"type":"if","locations":[{"start":{"line":300,"column":8},"end":{"line":300,"column":8}},{"start":{"line":300,"column":8},"end":{"line":300,"column":8}}]},"16":{"line":301,"type":"if","locations":[{"start":{"line":301,"column":8},"end":{"line":301,"column":8}},{"start":{"line":301,"column":8},"end":{"line":301,"column":8}}]},"17":{"line":339,"type":"if","locations":[{"start":{"line":339,"column":8},"end":{"line":339,"column":8}},{"start":{"line":339,"column":8},"end":{"line":339,"column":8}}]},"18":{"line":340,"type":"if","locations":[{"start":{"line":340,"column":8},"end":{"line":340,"column":8}},{"start":{"line":340,"column":8},"end":{"line":340,"column":8}}]},"19":{"line":341,"type":"if","locations":[{"start":{"line":341,"column":8},"end":{"line":341,"column":8}},{"start":{"line":341,"column":8},"end":{"line":341,"column":8}}]},"20":{"line":342,"type":"if","locations":[{"start":{"line":342,"column":8},"end":{"line":342,"column":8}},{"start":{"line":342,"column":8},"end":{"line":342,"column":8}}]},"21":{"line":354,"type":"if","locations":[{"start":{"line":354,"column":8},"end":{"line":354,"column":8}},{"start":{"line":354,"column":8},"end":{"line":354,"column":8}}]},"22":{"line":355,"type":"if","locations":[{"start":{"line":355,"column":8},"end":{"line":355,"column":8}},{"start":{"line":355,"column":8},"end":{"line":355,"column":8}}]},"23":{"line":377,"type":"if","locations":[{"start":{"line":377,"column":16},"end":{"line":377,"column":16}},{"start":{"line":377,"column":16},"end":{"line":377,"column":16}}]},"24":{"line":380,"type":"if","locations":[{"start":{"line":380,"column":16},"end":{"line":380,"column":16}},{"start":{"line":380,"column":16},"end":{"line":380,"column":16}}]},"25":{"line":386,"type":"if","locations":[{"start":{"line":386,"column":12},"end":{"line":386,"column":12}},{"start":{"line":386,"column":12},"end":{"line":386,"column":12}}]},"26":{"line":408,"type":"if","locations":[{"start":{"line":408,"column":8},"end":{"line":408,"column":8}},{"start":{"line":408,"column":8},"end":{"line":408,"column":8}}]},"27":{"line":409,"type":"if","locations":[{"start":{"line":409,"column":8},"end":{"line":409,"column":8}},{"start":{"line":409,"column":8},"end":{"line":409,"column":8}}]},"28":{"line":410,"type":"if","locations":[{"start":{"line":410,"column":8},"end":{"line":410,"column":8}},{"start":{"line":410,"column":8},"end":{"line":410,"column":8}}]},"29":{"line":411,"type":"if","locations":[{"start":{"line":411,"column":8},"end":{"line":411,"column":8}},{"start":{"line":411,"column":8},"end":{"line":411,"column":8}}]},"30":{"line":412,"type":"if","locations":[{"start":{"line":412,"column":8},"end":{"line":412,"column":8}},{"start":{"line":412,"column":8},"end":{"line":412,"column":8}}]},"31":{"line":413,"type":"if","locations":[{"start":{"line":413,"column":8},"end":{"line":413,"column":8}},{"start":{"line":413,"column":8},"end":{"line":413,"column":8}}]},"32":{"line":414,"type":"if","locations":[{"start":{"line":414,"column":8},"end":{"line":414,"column":8}},{"start":{"line":414,"column":8},"end":{"line":414,"column":8}}]},"33":{"line":417,"type":"if","locations":[{"start":{"line":417,"column":8},"end":{"line":417,"column":8}},{"start":{"line":417,"column":8},"end":{"line":417,"column":8}}]},"34":{"line":422,"type":"if","locations":[{"start":{"line":422,"column":8},"end":{"line":422,"column":8}},{"start":{"line":422,"column":8},"end":{"line":422,"column":8}}]},"35":{"line":424,"type":"if","locations":[{"start":{"line":424,"column":15},"end":{"line":424,"column":15}},{"start":{"line":424,"column":15},"end":{"line":424,"column":15}}]},"36":{"line":426,"type":"if","locations":[{"start":{"line":426,"column":15},"end":{"line":426,"column":15}},{"start":{"line":426,"column":15},"end":{"line":426,"column":15}}]},"37":{"line":443,"type":"if","locations":[{"start":{"line":443,"column":8},"end":{"line":443,"column":8}},{"start":{"line":443,"column":8},"end":{"line":443,"column":8}}]},"38":{"line":444,"type":"if","locations":[{"start":{"line":444,"column":8},"end":{"line":444,"column":8}},{"start":{"line":444,"column":8},"end":{"line":444,"column":8}}]},"39":{"line":445,"type":"if","locations":[{"start":{"line":445,"column":8},"end":{"line":445,"column":8}},{"start":{"line":445,"column":8},"end":{"line":445,"column":8}}]},"40":{"line":446,"type":"if","locations":[{"start":{"line":446,"column":8},"end":{"line":446,"column":8}},{"start":{"line":446,"column":8},"end":{"line":446,"column":8}}]},"41":{"line":447,"type":"cond-expr","locations":[{"start":{"line":447,"column":12},"end":{"line":447,"column":40}},{"start":{"line":447,"column":45},"end":{"line":447,"column":70}}]},"42":{"line":456,"type":"if","locations":[{"start":{"line":456,"column":8},"end":{"line":456,"column":8}},{"start":{"line":456,"column":8},"end":{"line":456,"column":8}}]},"43":{"line":458,"type":"if","locations":[{"start":{"line":458,"column":15},"end":{"line":458,"column":15}},{"start":{"line":458,"column":15},"end":{"line":458,"column":15}}]},"44":{"line":466,"type":"if","locations":[{"start":{"line":466,"column":12},"end":{"line":466,"column":12}},{"start":{"line":466,"column":12},"end":{"line":466,"column":12}}]},"45":{"line":529,"type":"if","locations":[{"start":{"line":529,"column":8},"end":{"line":529,"column":8}},{"start":{"line":529,"column":8},"end":{"line":529,"column":8}}]},"46":{"line":541,"type":"if","locations":[{"start":{"line":541,"column":8},"end":{"line":541,"column":8}},{"start":{"line":541,"column":8},"end":{"line":541,"column":8}}]},"47":{"line":542,"type":"if","locations":[{"start":{"line":542,"column":12},"end":{"line":542,"column":12}},{"start":{"line":542,"column":12},"end":{"line":542,"column":12}}]},"48":{"line":543,"type":"if","locations":[{"start":{"line":543,"column":12},"end":{"line":543,"column":12}},{"start":{"line":543,"column":12},"end":{"line":543,"column":12}}]},"49":{"line":580,"type":"if","locations":[{"start":{"line":580,"column":12},"end":{"line":580,"column":12}},{"start":{"line":580,"column":12},"end":{"line":580,"column":12}}]},"50":{"line":601,"type":"if","locations":[{"start":{"line":601,"column":12},"end":{"line":601,"column":12}},{"start":{"line":601,"column":12},"end":{"line":601,"column":12}}]},"51":{"line":615,"type":"if","locations":[{"start":{"line":615,"column":12},"end":{"line":615,"column":12}},{"start":{"line":615,"column":12},"end":{"line":615,"column":12}}]},"52":{"line":636,"type":"if","locations":[{"start":{"line":636,"column":8},"end":{"line":636,"column":8}},{"start":{"line":636,"column":8},"end":{"line":636,"column":8}}]},"53":{"line":642,"type":"if","locations":[{"start":{"line":642,"column":8},"end":{"line":642,"column":8}},{"start":{"line":642,"column":8},"end":{"line":642,"column":8}}]},"54":{"line":646,"type":"if","locations":[{"start":{"line":646,"column":8},"end":{"line":646,"column":8}},{"start":{"line":646,"column":8},"end":{"line":646,"column":8}}]},"55":{"line":650,"type":"if","locations":[{"start":{"line":650,"column":8},"end":{"line":650,"column":8}},{"start":{"line":650,"column":8},"end":{"line":650,"column":8}}]},"56":{"line":658,"type":"if","locations":[{"start":{"line":658,"column":8},"end":{"line":658,"column":8}},{"start":{"line":658,"column":8},"end":{"line":658,"column":8}}]},"57":{"line":659,"type":"if","locations":[{"start":{"line":659,"column":8},"end":{"line":659,"column":8}},{"start":{"line":659,"column":8},"end":{"line":659,"column":8}}]},"58":{"line":660,"type":"if","locations":[{"start":{"line":660,"column":8},"end":{"line":660,"column":8}},{"start":{"line":660,"column":8},"end":{"line":660,"column":8}}]},"59":{"line":680,"type":"if","locations":[{"start":{"line":680,"column":8},"end":{"line":680,"column":8}},{"start":{"line":680,"column":8},"end":{"line":680,"column":8}}]},"60":{"line":681,"type":"if","locations":[{"start":{"line":681,"column":8},"end":{"line":681,"column":8}},{"start":{"line":681,"column":8},"end":{"line":681,"column":8}}]},"61":{"line":682,"type":"if","locations":[{"start":{"line":682,"column":8},"end":{"line":682,"column":8}},{"start":{"line":682,"column":8},"end":{"line":682,"column":8}}]},"62":{"line":685,"type":"if","locations":[{"start":{"line":685,"column":8},"end":{"line":685,"column":8}},{"start":{"line":685,"column":8},"end":{"line":685,"column":8}}]},"63":{"line":686,"type":"if","locations":[{"start":{"line":686,"column":8},"end":{"line":686,"column":8}},{"start":{"line":686,"column":8},"end":{"line":686,"column":8}}]},"64":{"line":690,"type":"if","locations":[{"start":{"line":690,"column":8},"end":{"line":690,"column":8}},{"start":{"line":690,"column":8},"end":{"line":690,"column":8}}]},"65":{"line":701,"type":"if","locations":[{"start":{"line":701,"column":8},"end":{"line":701,"column":8}},{"start":{"line":701,"column":8},"end":{"line":701,"column":8}}]},"66":{"line":702,"type":"if","locations":[{"start":{"line":702,"column":8},"end":{"line":702,"column":8}},{"start":{"line":702,"column":8},"end":{"line":702,"column":8}}]},"67":{"line":703,"type":"if","locations":[{"start":{"line":703,"column":8},"end":{"line":703,"column":8}},{"start":{"line":703,"column":8},"end":{"line":703,"column":8}}]},"68":{"line":706,"type":"if","locations":[{"start":{"line":706,"column":8},"end":{"line":706,"column":8}},{"start":{"line":706,"column":8},"end":{"line":706,"column":8}}]},"69":{"line":709,"type":"if","locations":[{"start":{"line":709,"column":8},"end":{"line":709,"column":8}},{"start":{"line":709,"column":8},"end":{"line":709,"column":8}}]},"70":{"line":729,"type":"if","locations":[{"start":{"line":729,"column":8},"end":{"line":729,"column":8}},{"start":{"line":729,"column":8},"end":{"line":729,"column":8}}]}}},"contracts/test/ERC721Evil.sol":{"l":{"16":2,"17":2,"21":2,"22":2,"24":2,"25":2,"27":2,"31":0,"32":0,"36":5,"37":5,"38":5,"42":2,"43":2,"44":2,"47":2,"48":2,"52":0,"53":0,"57":0,"59":0,"60":0,"64":0,"68":0,"69":0,"73":3,"81":0,"82":0,"88":0,"89":0,"91":0,"93":0,"94":0,"95":0,"97":0,"101":0,"105":0,"106":0,"110":0,"111":0,"113":0,"114":0,"115":0,"117":0},"path":"/home/rlassman/web3/security-audit/artdao/contracts/test/ERC721Evil.sol","s":{"1":2,"2":2,"3":2,"4":0,"5":0,"6":5,"7":5,"8":5,"9":2,"10":2,"11":2,"12":2,"13":0,"14":0,"15":0,"16":0,"17":0,"18":0,"19":0,"20":3,"21":0,"22":0,"23":0,"24":0,"25":0,"26":0,"27":0,"28":0,"29":0,"30":0,"31":0},"b":{"1":[2,0],"2":[2,0],"3":[0,0],"4":[5,0],"5":[2,0],"6":[2,0],"7":[2,0],"8":[0,0],"9":[0,0],"10":[0,0],"11":[0,0],"12":[0,0],"13":[0,0],"14":[0,0],"15":[0,0],"16":[0,0]},"f":{"1":2,"2":2,"3":0,"4":5,"5":2,"6":0,"7":0,"8":0,"9":0,"10":3,"11":3,"12":0,"13":0,"14":0,"15":0,"16":0},"fnMap":{"1":{"name":"constructor","line":15,"loc":{"start":{"line":15,"column":4},"end":{"line":18,"column":4}}},"2":{"name":"mint","line":20,"loc":{"start":{"line":20,"column":4},"end":{"line":28,"column":4}}},"3":{"name":"balanceOf","line":30,"loc":{"start":{"line":30,"column":4},"end":{"line":33,"column":4}}},"4":{"name":"ownerOf","line":35,"loc":{"start":{"line":35,"column":4},"end":{"line":39,"column":4}}},"5":{"name":"approve","line":41,"loc":{"start":{"line":41,"column":4},"end":{"line":49,"column":4}}},"6":{"name":"getApproved","line":51,"loc":{"start":{"line":51,"column":4},"end":{"line":54,"column":4}}},"7":{"name":"setApprovalForAll","line":56,"loc":{"start":{"line":56,"column":4},"end":{"line":61,"column":4}}},"8":{"name":"isApprovedForAll","line":63,"loc":{"start":{"line":63,"column":4},"end":{"line":65,"column":4}}},"9":{"name":"transferFrom","line":67,"loc":{"start":{"line":67,"column":4},"end":{"line":70,"column":4}}},"10":{"name":"safeTransferFrom","line":72,"loc":{"start":{"line":72,"column":4},"end":{"line":74,"column":4}}},"11":{"name":"safeTransferFrom","line":76,"loc":{"start":{"line":76,"column":4},"end":{"line":78,"column":4}}},"12":{"name":"_isApprovedOrOwner","line":80,"loc":{"start":{"line":80,"column":4},"end":{"line":85,"column":4}}},"13":{"name":"_transfer","line":87,"loc":{"start":{"line":87,"column":4},"end":{"line":98,"column":4}}},"14":{"name":"supportsInterface","line":100,"loc":{"start":{"line":100,"column":4},"end":{"line":102,"column":4}}},"15":{"name":"burn","line":104,"loc":{"start":{"line":104,"column":4},"end":{"line":107,"column":4}}},"16":{"name":"_burn","line":109,"loc":{"start":{"line":109,"column":4},"end":{"line":118,"column":4}}}},"statementMap":{"1":{"start":{"line":21,"column":8},"end":{"line":21,"column":68}},"2":{"start":{"line":22,"column":8},"end":{"line":22,"column":78}},"3":{"start":{"line":27,"column":8},"end":{"line":27,"column":46}},"4":{"start":{"line":31,"column":8},"end":{"line":31,"column":81}},"5":{"start":{"line":32,"column":8},"end":{"line":32,"column":31}},"6":{"start":{"line":36,"column":8},"end":{"line":36,"column":40}},"7":{"start":{"line":37,"column":8},"end":{"line":37,"column":80}},"8":{"start":{"line":38,"column":8},"end":{"line":38,"column":20}},"9":{"start":{"line":42,"column":8},"end":{"line":42,"column":40}},"10":{"start":{"line":43,"column":8},"end":{"line":43,"column":64}},"11":{"start":{"line":44,"column":8},"end":{"line":44,"column":1598}},"12":{"start":{"line":48,"column":8},"end":{"line":48,"column":41}},"13":{"start":{"line":52,"column":8},"end":{"line":52,"column":94}},"14":{"start":{"line":53,"column":8},"end":{"line":53,"column":39}},"15":{"start":{"line":57,"column":8},"end":{"line":57,"column":67}},"16":{"start":{"line":60,"column":8},"end":{"line":60,"column":59}},"17":{"start":{"line":64,"column":8},"end":{"line":64,"column":50}},"18":{"start":{"line":68,"column":8},"end":{"line":68,"column":108}},"19":{"start":{"line":69,"column":8},"end":{"line":69,"column":35}},"20":{"start":{"line":73,"column":8},"end":{"line":73,"column":46}},"21":{"start":{"line":81,"column":8},"end":{"line":81,"column":40}},"22":{"start":{"line":82,"column":8},"end":{"line":82,"column":3142}},"23":{"start":{"line":88,"column":8},"end":{"line":88,"column":81}},"24":{"start":{"line":89,"column":8},"end":{"line":89,"column":72}},"25":{"start":{"line":97,"column":8},"end":{"line":97,"column":40}},"26":{"start":{"line":101,"column":8},"end":{"line":101,"column":40}},"27":{"start":{"line":105,"column":8},"end":{"line":105,"column":99}},"28":{"start":{"line":106,"column":8},"end":{"line":106,"column":21}},"29":{"start":{"line":110,"column":8},"end":{"line":110,"column":40}},"30":{"start":{"line":111,"column":8},"end":{"line":111,"column":67}},"31":{"start":{"line":117,"column":8},"end":{"line":117,"column":49}}},"branchMap":{"1":{"line":21,"type":"if","locations":[{"start":{"line":21,"column":8},"end":{"line":21,"column":8}},{"start":{"line":21,"column":8},"end":{"line":21,"column":8}}]},"2":{"line":22,"type":"if","locations":[{"start":{"line":22,"column":8},"end":{"line":22,"column":8}},{"start":{"line":22,"column":8},"end":{"line":22,"column":8}}]},"3":{"line":31,"type":"if","locations":[{"start":{"line":31,"column":8},"end":{"line":31,"column":8}},{"start":{"line":31,"column":8},"end":{"line":31,"column":8}}]},"4":{"line":37,"type":"if","locations":[{"start":{"line":37,"column":8},"end":{"line":37,"column":8}},{"start":{"line":37,"column":8},"end":{"line":37,"column":8}}]},"5":{"line":43,"type":"if","locations":[{"start":{"line":43,"column":8},"end":{"line":43,"column":8}},{"start":{"line":43,"column":8},"end":{"line":43,"column":8}}]},"6":{"line":44,"type":"if","locations":[{"start":{"line":44,"column":8},"end":{"line":44,"column":8}},{"start":{"line":44,"column":8},"end":{"line":44,"column":8}}]},"7":{"line":44,"type":"cond-expr","locations":[{"start":{"line":44,"column":16},"end":{"line":44,"column":34}},{"start":{"line":44,"column":39},"end":{"line":44,"column":73}}]},"8":{"line":52,"type":"if","locations":[{"start":{"line":52,"column":8},"end":{"line":52,"column":8}},{"start":{"line":52,"column":8},"end":{"line":52,"column":8}}]},"9":{"line":57,"type":"if","locations":[{"start":{"line":57,"column":8},"end":{"line":57,"column":8}},{"start":{"line":57,"column":8},"end":{"line":57,"column":8}}]},"10":{"line":68,"type":"if","locations":[{"start":{"line":68,"column":8},"end":{"line":68,"column":8}},{"start":{"line":68,"column":8},"end":{"line":68,"column":8}}]},"11":{"line":82,"type":"cond-expr","locations":[{"start":{"line":82,"column":16},"end":{"line":82,"column":31}},{"start":{"line":83,"column":16},"end":{"line":83,"column":50}}]},"12":{"line":82,"type":"cond-expr","locations":[{"start":{"line":82,"column":16},"end":{"line":83,"column":50}},{"start":{"line":84,"column":16},"end":{"line":84,"column":47}}]},"13":{"line":88,"type":"if","locations":[{"start":{"line":88,"column":8},"end":{"line":88,"column":8}},{"start":{"line":88,"column":8},"end":{"line":88,"column":8}}]},"14":{"line":89,"type":"if","locations":[{"start":{"line":89,"column":8},"end":{"line":89,"column":8}},{"start":{"line":89,"column":8},"end":{"line":89,"column":8}}]},"15":{"line":105,"type":"if","locations":[{"start":{"line":105,"column":8},"end":{"line":105,"column":8}},{"start":{"line":105,"column":8},"end":{"line":105,"column":8}}]},"16":{"line":111,"type":"if","locations":[{"start":{"line":111,"column":8},"end":{"line":111,"column":8}},{"start":{"line":111,"column":8},"end":{"line":111,"column":8}}]}}},"contracts/test/ERC721Mock.sol":{"l":{"16":11,"17":11,"21":20,"22":20,"24":20,"25":20,"27":20,"31":0,"32":0,"36":36,"37":36,"38":36,"42":19,"43":19,"44":19,"47":19,"48":19,"52":0,"53":0,"57":0,"59":0,"60":0,"64":2,"68":1,"69":0,"73":29,"77":29,"78":28,"82":30,"83":30,"89":28,"90":28,"92":28,"94":28,"95":28,"96":28,"98":28,"102":0},"path":"/home/rlassman/web3/security-audit/artdao/contracts/test/ERC721Mock.sol","s":{"1":20,"2":20,"3":20,"4":0,"5":0,"6":36,"7":36,"8":36,"9":19,"10":19,"11":19,"12":19,"13":0,"14":0,"15":0,"16":0,"17":2,"18":1,"19":0,"20":29,"21":29,"22":28,"23":30,"24":30,"25":28,"26":28,"27":28,"28":0},"b":{"1":[20,0],"2":[20,0],"3":[0,0],"4":[36,0],"5":[19,0],"6":[19,0],"7":[19,0],"8":[0,0],"9":[0,0],"10":[0,1],"11":[28,1],"12":[11,17],"13":[17,0],"14":[28,0],"15":[28,0]},"f":{"1":11,"2":20,"3":0,"4":36,"5":19,"6":0,"7":0,"8":2,"9":1,"10":29,"11":29,"12":30,"13":28,"14":0},"fnMap":{"1":{"name":"constructor","line":15,"loc":{"start":{"line":15,"column":4},"end":{"line":18,"column":4}}},"2":{"name":"mint","line":20,"loc":{"start":{"line":20,"column":4},"end":{"line":28,"column":4}}},"3":{"name":"balanceOf","line":30,"loc":{"start":{"line":30,"column":4},"end":{"line":33,"column":4}}},"4":{"name":"ownerOf","line":35,"loc":{"start":{"line":35,"column":4},"end":{"line":39,"column":4}}},"5":{"name":"approve","line":41,"loc":{"start":{"line":41,"column":4},"end":{"line":49,"column":4}}},"6":{"name":"getApproved","line":51,"loc":{"start":{"line":51,"column":4},"end":{"line":54,"column":4}}},"7":{"name":"setApprovalForAll","line":56,"loc":{"start":{"line":56,"column":4},"end":{"line":61,"column":4}}},"8":{"name":"isApprovedForAll","line":63,"loc":{"start":{"line":63,"column":4},"end":{"line":65,"column":4}}},"9":{"name":"transferFrom","line":67,"loc":{"start":{"line":67,"column":4},"end":{"line":70,"column":4}}},"10":{"name":"safeTransferFrom","line":72,"loc":{"start":{"line":72,"column":4},"end":{"line":74,"column":4}}},"11":{"name":"safeTransferFrom","line":76,"loc":{"start":{"line":76,"column":4},"end":{"line":79,"column":4}}},"12":{"name":"_isApprovedOrOwner","line":81,"loc":{"start":{"line":81,"column":4},"end":{"line":86,"column":4}}},"13":{"name":"_transfer","line":88,"loc":{"start":{"line":88,"column":4},"end":{"line":99,"column":4}}},"14":{"name":"supportsInterface","line":101,"loc":{"start":{"line":101,"column":4},"end":{"line":103,"column":4}}}},"statementMap":{"1":{"start":{"line":21,"column":8},"end":{"line":21,"column":68}},"2":{"start":{"line":22,"column":8},"end":{"line":22,"column":78}},"3":{"start":{"line":27,"column":8},"end":{"line":27,"column":46}},"4":{"start":{"line":31,"column":8},"end":{"line":31,"column":81}},"5":{"start":{"line":32,"column":8},"end":{"line":32,"column":31}},"6":{"start":{"line":36,"column":8},"end":{"line":36,"column":40}},"7":{"start":{"line":37,"column":8},"end":{"line":37,"column":80}},"8":{"start":{"line":38,"column":8},"end":{"line":38,"column":20}},"9":{"start":{"line":42,"column":8},"end":{"line":42,"column":40}},"10":{"start":{"line":43,"column":8},"end":{"line":43,"column":64}},"11":{"start":{"line":44,"column":8},"end":{"line":44,"column":1598}},"12":{"start":{"line":48,"column":8},"end":{"line":48,"column":41}},"13":{"start":{"line":52,"column":8},"end":{"line":52,"column":94}},"14":{"start":{"line":53,"column":8},"end":{"line":53,"column":39}},"15":{"start":{"line":57,"column":8},"end":{"line":57,"column":67}},"16":{"start":{"line":60,"column":8},"end":{"line":60,"column":59}},"17":{"start":{"line":64,"column":8},"end":{"line":64,"column":50}},"18":{"start":{"line":68,"column":8},"end":{"line":68,"column":108}},"19":{"start":{"line":69,"column":8},"end":{"line":69,"column":35}},"20":{"start":{"line":73,"column":8},"end":{"line":73,"column":46}},"21":{"start":{"line":77,"column":8},"end":{"line":77,"column":108}},"22":{"start":{"line":78,"column":8},"end":{"line":78,"column":35}},"23":{"start":{"line":82,"column":8},"end":{"line":82,"column":40}},"24":{"start":{"line":83,"column":8},"end":{"line":83,"column":3275}},"25":{"start":{"line":89,"column":8},"end":{"line":89,"column":81}},"26":{"start":{"line":90,"column":8},"end":{"line":90,"column":72}},"27":{"start":{"line":98,"column":8},"end":{"line":98,"column":40}},"28":{"start":{"line":102,"column":8},"end":{"line":102,"column":40}}},"branchMap":{"1":{"line":21,"type":"if","locations":[{"start":{"line":21,"column":8},"end":{"line":21,"column":8}},{"start":{"line":21,"column":8},"end":{"line":21,"column":8}}]},"2":{"line":22,"type":"if","locations":[{"start":{"line":22,"column":8},"end":{"line":22,"column":8}},{"start":{"line":22,"column":8},"end":{"line":22,"column":8}}]},"3":{"line":31,"type":"if","locations":[{"start":{"line":31,"column":8},"end":{"line":31,"column":8}},{"start":{"line":31,"column":8},"end":{"line":31,"column":8}}]},"4":{"line":37,"type":"if","locations":[{"start":{"line":37,"column":8},"end":{"line":37,"column":8}},{"start":{"line":37,"column":8},"end":{"line":37,"column":8}}]},"5":{"line":43,"type":"if","locations":[{"start":{"line":43,"column":8},"end":{"line":43,"column":8}},{"start":{"line":43,"column":8},"end":{"line":43,"column":8}}]},"6":{"line":44,"type":"if","locations":[{"start":{"line":44,"column":8},"end":{"line":44,"column":8}},{"start":{"line":44,"column":8},"end":{"line":44,"column":8}}]},"7":{"line":44,"type":"cond-expr","locations":[{"start":{"line":44,"column":16},"end":{"line":44,"column":34}},{"start":{"line":44,"column":39},"end":{"line":44,"column":73}}]},"8":{"line":52,"type":"if","locations":[{"start":{"line":52,"column":8},"end":{"line":52,"column":8}},{"start":{"line":52,"column":8},"end":{"line":52,"column":8}}]},"9":{"line":57,"type":"if","locations":[{"start":{"line":57,"column":8},"end":{"line":57,"column":8}},{"start":{"line":57,"column":8},"end":{"line":57,"column":8}}]},"10":{"line":68,"type":"if","locations":[{"start":{"line":68,"column":8},"end":{"line":68,"column":8}},{"start":{"line":68,"column":8},"end":{"line":68,"column":8}}]},"11":{"line":77,"type":"if","locations":[{"start":{"line":77,"column":8},"end":{"line":77,"column":8}},{"start":{"line":77,"column":8},"end":{"line":77,"column":8}}]},"12":{"line":83,"type":"cond-expr","locations":[{"start":{"line":83,"column":16},"end":{"line":83,"column":31}},{"start":{"line":84,"column":16},"end":{"line":84,"column":50}}]},"13":{"line":83,"type":"cond-expr","locations":[{"start":{"line":83,"column":16},"end":{"line":84,"column":50}},{"start":{"line":85,"column":16},"end":{"line":85,"column":47}}]},"14":{"line":89,"type":"if","locations":[{"start":{"line":89,"column":8},"end":{"line":89,"column":8}},{"start":{"line":89,"column":8},"end":{"line":89,"column":8}}]},"15":{"line":90,"type":"if","locations":[{"start":{"line":90,"column":8},"end":{"line":90,"column":8}},{"start":{"line":90,"column":8},"end":{"line":90,"column":8}}]}}},"contracts/test/EvilArtist.sol":{"l":{"15":1,"19":0,"23":0,"24":0,"32":1,"35":1,"39":1,"42":1,"46":0,"53":0,"58":1,"61":1,"64":1},"path":"/home/rlassman/web3/security-audit/artdao/contracts/test/EvilArtist.sol","s":{"1":0,"2":0,"3":0,"4":1,"5":1,"6":1,"7":1,"8":0,"9":0,"10":1,"11":1,"12":1},"b":{"1":[0,0],"2":[1,0],"3":[1,0],"4":[0,0]},"f":{"1":0,"2":0,"3":0,"4":1,"5":1,"6":0,"7":1},"fnMap":{"1":{"name":null,"line":18,"loc":{"start":{"line":18,"column":4},"end":{"line":20,"column":4}}},"2":{"name":"sendETH","line":22,"loc":{"start":{"line":22,"column":4},"end":{"line":25,"column":4}}},"3":{"name":"deposit","line":27,"loc":{"start":{"line":27,"column":4},"end":{"line":27,"column":41}}},"4":{"name":"confirm","line":31,"loc":{"start":{"line":31,"column":4},"end":{"line":36,"column":4}}},"5":{"name":"fund","line":38,"loc":{"start":{"line":38,"column":4},"end":{"line":43,"column":4}}},"6":{"name":"acceptArt","line":45,"loc":{"start":{"line":45,"column":4},"end":{"line":54,"column":4}}},"7":{"name":"submitArt","line":56,"loc":{"start":{"line":56,"column":4},"end":{"line":65,"column":4}}}},"statementMap":{"1":{"start":{"line":19,"column":8},"end":{"line":19,"column":25}},"2":{"start":{"line":23,"column":8},"end":{"line":23,"column":56}},"3":{"start":{"line":24,"column":8},"end":{"line":24,"column":38}},"4":{"start":{"line":32,"column":8},"end":{"line":32,"column":849}},"5":{"start":{"line":35,"column":8},"end":{"line":35,"column":41}},"6":{"start":{"line":39,"column":8},"end":{"line":39,"column":1069}},"7":{"start":{"line":42,"column":8},"end":{"line":42,"column":38}},"8":{"start":{"line":46,"column":8},"end":{"line":46,"column":1320}},"9":{"start":{"line":53,"column":8},"end":{"line":53,"column":40}},"10":{"start":{"line":58,"column":8},"end":{"line":58,"column":56}},"11":{"start":{"line":61,"column":8},"end":{"line":61,"column":56}},"12":{"start":{"line":64,"column":8},"end":{"line":64,"column":54}}},"branchMap":{"1":{"line":24,"type":"if","locations":[{"start":{"line":24,"column":8},"end":{"line":24,"column":8}},{"start":{"line":24,"column":8},"end":{"line":24,"column":8}}]},"2":{"line":35,"type":"if","locations":[{"start":{"line":35,"column":8},"end":{"line":35,"column":8}},{"start":{"line":35,"column":8},"end":{"line":35,"column":8}}]},"3":{"line":42,"type":"if","locations":[{"start":{"line":42,"column":8},"end":{"line":42,"column":8}},{"start":{"line":42,"column":8},"end":{"line":42,"column":8}}]},"4":{"line":53,"type":"if","locations":[{"start":{"line":53,"column":8},"end":{"line":53,"column":8}},{"start":{"line":53,"column":8},"end":{"line":53,"column":8}}]}}},"contracts/test/EvilBidder.sol":{"l":{"8":0,"12":0},"path":"/home/rlassman/web3/security-audit/artdao/contracts/test/EvilBidder.sol","s":{},"b":{},"f":{"1":0},"fnMap":{"1":{"name":"constructor","line":7,"loc":{"start":{"line":7,"column":4},"end":{"line":9,"column":4}}}},"statementMap":{},"branchMap":{}},"contracts/test/EvilBuyer.sol":{"l":{"7":1,"11":0,"15":0,"16":0,"24":1,"27":1,"31":1,"34":1,"38":1,"41":1},"path":"/home/rlassman/web3/security-audit/artdao/contracts/test/EvilBuyer.sol","s":{"1":0,"2":0,"3":0,"4":1,"5":1,"6":1,"7":1,"8":1,"9":1},"b":{"1":[0,0],"2":[1,0],"3":[1,0],"4":[0,1]},"f":{"1":0,"2":0,"3":0,"4":1,"5":1,"6":1},"fnMap":{"1":{"name":null,"line":10,"loc":{"start":{"line":10,"column":4},"end":{"line":12,"column":4}}},"2":{"name":"sendETH","line":14,"loc":{"start":{"line":14,"column":4},"end":{"line":17,"column":4}}},"3":{"name":"deposit","line":19,"loc":{"start":{"line":19,"column":4},"end":{"line":19,"column":41}}},"4":{"name":"confirm","line":23,"loc":{"start":{"line":23,"column":4},"end":{"line":28,"column":4}}},"5":{"name":"fund","line":30,"loc":{"start":{"line":30,"column":4},"end":{"line":35,"column":4}}},"6":{"name":"payInFullAndRelease","line":37,"loc":{"start":{"line":37,"column":4},"end":{"line":42,"column":4}}}},"statementMap":{"1":{"start":{"line":11,"column":8},"end":{"line":11,"column":25}},"2":{"start":{"line":15,"column":8},"end":{"line":15,"column":56}},"3":{"start":{"line":16,"column":8},"end":{"line":16,"column":38}},"4":{"start":{"line":24,"column":8},"end":{"line":24,"column":611}},"5":{"start":{"line":27,"column":8},"end":{"line":27,"column":41}},"6":{"start":{"line":31,"column":8},"end":{"line":31,"column":831}},"7":{"start":{"line":34,"column":8},"end":{"line":34,"column":38}},"8":{"start":{"line":38,"column":8},"end":{"line":38,"column":1070}},"9":{"start":{"line":41,"column":8},"end":{"line":41,"column":37}}},"branchMap":{"1":{"line":16,"type":"if","locations":[{"start":{"line":16,"column":8},"end":{"line":16,"column":8}},{"start":{"line":16,"column":8},"end":{"line":16,"column":8}}]},"2":{"line":27,"type":"if","locations":[{"start":{"line":27,"column":8},"end":{"line":27,"column":8}},{"start":{"line":27,"column":8},"end":{"line":27,"column":8}}]},"3":{"line":34,"type":"if","locations":[{"start":{"line":34,"column":8},"end":{"line":34,"column":8}},{"start":{"line":34,"column":8},"end":{"line":34,"column":8}}]},"4":{"line":41,"type":"if","locations":[{"start":{"line":41,"column":8},"end":{"line":41,"column":8}},{"start":{"line":41,"column":8},"end":{"line":41,"column":8}}]}}},"contracts/test/EvilJuror.sol":{"l":{"19":1,"23":1,"26":0,"30":0,"35":0},"path":"/home/rlassman/web3/security-audit/artdao/contracts/test/EvilJuror.sol","s":{"1":1,"2":0,"3":0},"b":{},"f":{"1":1,"2":1,"3":0,"4":0},"fnMap":{"1":{"name":"constructor","line":18,"loc":{"start":{"line":18,"column":4},"end":{"line":20,"column":4}}},"2":{"name":"makebid","line":22,"loc":{"start":{"line":22,"column":4},"end":{"line":24,"column":4}}},"3":{"name":"justvote","line":25,"loc":{"start":{"line":25,"column":4},"end":{"line":27,"column":4}}},"4":{"name":"onERC721Received","line":29,"loc":{"start":{"line":29,"column":4},"end":{"line":31,"column":4}}}},"statementMap":{"1":{"start":{"line":23,"column":9},"end":{"line":23,"column":86}},"2":{"start":{"line":26,"column":8},"end":{"line":26,"column":25}},"3":{"start":{"line":30,"column":8},"end":{"line":30,"column":56}}},"branchMap":{}}}